/home/lorenzo/.rbenv/versions/3.0.4/lib/ruby/gems/3.0.0/gems/railties-6.1.7/lib/rails/application.rb:603:in `validate_secret_key_base': Missing `secret_key_base` for 'production' environment, set this string with `bin/rails credentials:edit` (ArgumentError)
	from /home/lorenzo/.rbenv/versions/3.0.4/lib/ruby/gems/3.0.0/gems/railties-6.1.7/lib/rails/application.rb:437:in `secret_key_base'
	from /home/lorenzo/.rbenv/versions/3.0.4/lib/ruby/gems/3.0.0/gems/devise-4.8.1/lib/devise/secret_key_finder.rb:24:in `key_exists?'
	from /home/lorenzo/.rbenv/versions/3.0.4/lib/ruby/gems/3.0.0/gems/devise-4.8.1/lib/devise/secret_key_finder.rb:16:in `find'
	from /home/lorenzo/.rbenv/versions/3.0.4/lib/ruby/gems/3.0.0/gems/devise-4.8.1/lib/devise/rails.rb:37:in `block in <class:Engine>'
	from /home/lorenzo/.rbenv/versions/3.0.4/lib/ruby/gems/3.0.0/gems/railties-6.1.7/lib/rails/initializable.rb:32:in `instance_exec'
	from /home/lorenzo/.rbenv/versions/3.0.4/lib/ruby/gems/3.0.0/gems/railties-6.1.7/lib/rails/initializable.rb:32:in `run'
	from /home/lorenzo/.rbenv/versions/3.0.4/lib/ruby/gems/3.0.0/gems/railties-6.1.7/lib/rails/initializable.rb:61:in `block in run_initializers'
	from /home/lorenzo/.rbenv/versions/3.0.4/lib/ruby/3.0.0/tsort.rb:228:in `block in tsort_each'
	from /home/lorenzo/.rbenv/versions/3.0.4/lib/ruby/3.0.0/tsort.rb:350:in `block (2 levels) in each_strongly_connected_component'
	from /home/lorenzo/.rbenv/versions/3.0.4/lib/ruby/3.0.0/tsort.rb:431:in `each_strongly_connected_component_from'
	from /home/lorenzo/.rbenv/versions/3.0.4/lib/ruby/3.0.0/tsort.rb:349:in `block in each_strongly_connected_component'
	from /home/lorenzo/.rbenv/versions/3.0.4/lib/ruby/3.0.0/tsort.rb:347:in `each'
	from /home/lorenzo/.rbenv/versions/3.0.4/lib/ruby/3.0.0/tsort.rb:347:in `call'
	from /home/lorenzo/.rbenv/versions/3.0.4/lib/ruby/3.0.0/tsort.rb:347:in `each_strongly_connected_component'
	from /home/lorenzo/.rbenv/versions/3.0.4/lib/ruby/3.0.0/tsort.rb:226:in `tsort_each'
	from /home/lorenzo/.rbenv/versions/3.0.4/lib/ruby/3.0.0/tsort.rb:205:in `tsort_each'
	from /home/lorenzo/.rbenv/versions/3.0.4/lib/ruby/gems/3.0.0/gems/railties-6.1.7/lib/rails/initializable.rb:60:in `run_initializers'
	from /home/lorenzo/.rbenv/versions/3.0.4/lib/ruby/gems/3.0.0/gems/railties-6.1.7/lib/rails/application.rb:391:in `initialize!'
	from /home/lorenzo/projects/seller_bot_backend/config/environment.rb:5:in `<main>'
	from /home/lorenzo/.rbenv/versions/3.0.4/lib/ruby/gems/3.0.0/gems/bootsnap-1.13.0/lib/bootsnap/load_path_cache/core_ext/kernel_require.rb:32:in `require'
	from /home/lorenzo/.rbenv/versions/3.0.4/lib/ruby/gems/3.0.0/gems/bootsnap-1.13.0/lib/bootsnap/load_path_cache/core_ext/kernel_require.rb:32:in `require'
	from /home/lorenzo/.rbenv/versions/3.0.4/lib/ruby/gems/3.0.0/gems/zeitwerk-2.6.1/lib/zeitwerk/kernel.rb:35:in `require'
	from /home/lorenzo/.rbenv/versions/3.0.4/lib/ruby/gems/3.0.0/gems/activesupport-6.1.7/lib/active_support/dependencies.rb:332:in `block in require'
	from /home/lorenzo/.rbenv/versions/3.0.4/lib/ruby/gems/3.0.0/gems/activesupport-6.1.7/lib/active_support/dependencies.rb:299:in `load_dependency'
	from /home/lorenzo/.rbenv/versions/3.0.4/lib/ruby/gems/3.0.0/gems/activesupport-6.1.7/lib/active_support/dependencies.rb:332:in `require'
	from /home/lorenzo/.rbenv/versions/3.0.4/lib/ruby/gems/3.0.0/gems/spring-4.1.0/lib/spring/application.rb:107:in `preload'
	from /home/lorenzo/.rbenv/versions/3.0.4/lib/ruby/gems/3.0.0/gems/spring-4.1.0/lib/spring/application.rb:166:in `serve'
	from /home/lorenzo/.rbenv/versions/3.0.4/lib/ruby/gems/3.0.0/gems/spring-4.1.0/lib/spring/application.rb:148:in `block in run'
	from /home/lorenzo/.rbenv/versions/3.0.4/lib/ruby/gems/3.0.0/gems/spring-4.1.0/lib/spring/application.rb:142:in `loop'
	from /home/lorenzo/.rbenv/versions/3.0.4/lib/ruby/gems/3.0.0/gems/spring-4.1.0/lib/spring/application.rb:142:in `run'
	from /home/lorenzo/.rbenv/versions/3.0.4/lib/ruby/gems/3.0.0/gems/spring-4.1.0/lib/spring/application/boot.rb:19:in `<top (required)>'
	from <internal:/home/lorenzo/.rbenv/versions/3.0.4/lib/ruby/3.0.0/rubygems/core_ext/kernel_require.rb>:85:in `require'
	from <internal:/home/lorenzo/.rbenv/versions/3.0.4/lib/ruby/3.0.0/rubygems/core_ext/kernel_require.rb>:85:in `require'
	from -e:1:in `<main>'
/home/lorenzo/.rbenv/versions/3.0.4/lib/ruby/gems/3.0.0/gems/railties-6.1.7/lib/rails/application.rb:603:in `validate_secret_key_base': Missing `secret_key_base` for 'production' environment, set this string with `bin/rails credentials:edit` (ArgumentError)
	from /home/lorenzo/.rbenv/versions/3.0.4/lib/ruby/gems/3.0.0/gems/railties-6.1.7/lib/rails/application.rb:437:in `secret_key_base'
	from /home/lorenzo/.rbenv/versions/3.0.4/lib/ruby/gems/3.0.0/gems/devise-4.8.1/lib/devise/secret_key_finder.rb:24:in `key_exists?'
	from /home/lorenzo/.rbenv/versions/3.0.4/lib/ruby/gems/3.0.0/gems/devise-4.8.1/lib/devise/secret_key_finder.rb:16:in `find'
	from /home/lorenzo/.rbenv/versions/3.0.4/lib/ruby/gems/3.0.0/gems/devise-4.8.1/lib/devise/rails.rb:37:in `block in <class:Engine>'
	from /home/lorenzo/.rbenv/versions/3.0.4/lib/ruby/gems/3.0.0/gems/railties-6.1.7/lib/rails/initializable.rb:32:in `instance_exec'
	from /home/lorenzo/.rbenv/versions/3.0.4/lib/ruby/gems/3.0.0/gems/railties-6.1.7/lib/rails/initializable.rb:32:in `run'
	from /home/lorenzo/.rbenv/versions/3.0.4/lib/ruby/gems/3.0.0/gems/railties-6.1.7/lib/rails/initializable.rb:61:in `block in run_initializers'
	from /home/lorenzo/.rbenv/versions/3.0.4/lib/ruby/3.0.0/tsort.rb:228:in `block in tsort_each'
	from /home/lorenzo/.rbenv/versions/3.0.4/lib/ruby/3.0.0/tsort.rb:350:in `block (2 levels) in each_strongly_connected_component'
	from /home/lorenzo/.rbenv/versions/3.0.4/lib/ruby/3.0.0/tsort.rb:431:in `each_strongly_connected_component_from'
	from /home/lorenzo/.rbenv/versions/3.0.4/lib/ruby/3.0.0/tsort.rb:349:in `block in each_strongly_connected_component'
	from /home/lorenzo/.rbenv/versions/3.0.4/lib/ruby/3.0.0/tsort.rb:347:in `each'
	from /home/lorenzo/.rbenv/versions/3.0.4/lib/ruby/3.0.0/tsort.rb:347:in `call'
	from /home/lorenzo/.rbenv/versions/3.0.4/lib/ruby/3.0.0/tsort.rb:347:in `each_strongly_connected_component'
	from /home/lorenzo/.rbenv/versions/3.0.4/lib/ruby/3.0.0/tsort.rb:226:in `tsort_each'
	from /home/lorenzo/.rbenv/versions/3.0.4/lib/ruby/3.0.0/tsort.rb:205:in `tsort_each'
	from /home/lorenzo/.rbenv/versions/3.0.4/lib/ruby/gems/3.0.0/gems/railties-6.1.7/lib/rails/initializable.rb:60:in `run_initializers'
	from /home/lorenzo/.rbenv/versions/3.0.4/lib/ruby/gems/3.0.0/gems/railties-6.1.7/lib/rails/application.rb:391:in `initialize!'
	from /home/lorenzo/projects/seller_bot_backend/config/environment.rb:5:in `<main>'
	from /home/lorenzo/.rbenv/versions/3.0.4/lib/ruby/gems/3.0.0/gems/bootsnap-1.13.0/lib/bootsnap/load_path_cache/core_ext/kernel_require.rb:32:in `require'
	from /home/lorenzo/.rbenv/versions/3.0.4/lib/ruby/gems/3.0.0/gems/bootsnap-1.13.0/lib/bootsnap/load_path_cache/core_ext/kernel_require.rb:32:in `require'
	from /home/lorenzo/.rbenv/versions/3.0.4/lib/ruby/gems/3.0.0/gems/zeitwerk-2.6.1/lib/zeitwerk/kernel.rb:35:in `require'
	from /home/lorenzo/.rbenv/versions/3.0.4/lib/ruby/gems/3.0.0/gems/activesupport-6.1.7/lib/active_support/dependencies.rb:332:in `block in require'
	from /home/lorenzo/.rbenv/versions/3.0.4/lib/ruby/gems/3.0.0/gems/activesupport-6.1.7/lib/active_support/dependencies.rb:299:in `load_dependency'
	from /home/lorenzo/.rbenv/versions/3.0.4/lib/ruby/gems/3.0.0/gems/activesupport-6.1.7/lib/active_support/dependencies.rb:332:in `require'
	from /home/lorenzo/.rbenv/versions/3.0.4/lib/ruby/gems/3.0.0/gems/spring-4.1.0/lib/spring/application.rb:107:in `preload'
	from /home/lorenzo/.rbenv/versions/3.0.4/lib/ruby/gems/3.0.0/gems/spring-4.1.0/lib/spring/application.rb:166:in `serve'
	from /home/lorenzo/.rbenv/versions/3.0.4/lib/ruby/gems/3.0.0/gems/spring-4.1.0/lib/spring/application.rb:148:in `block in run'
	from /home/lorenzo/.rbenv/versions/3.0.4/lib/ruby/gems/3.0.0/gems/spring-4.1.0/lib/spring/application.rb:142:in `loop'
	from /home/lorenzo/.rbenv/versions/3.0.4/lib/ruby/gems/3.0.0/gems/spring-4.1.0/lib/spring/application.rb:142:in `run'
	from /home/lorenzo/.rbenv/versions/3.0.4/lib/ruby/gems/3.0.0/gems/spring-4.1.0/lib/spring/application/boot.rb:19:in `<top (required)>'
	from <internal:/home/lorenzo/.rbenv/versions/3.0.4/lib/ruby/3.0.0/rubygems/core_ext/kernel_require.rb>:85:in `require'
	from <internal:/home/lorenzo/.rbenv/versions/3.0.4/lib/ruby/3.0.0/rubygems/core_ext/kernel_require.rb>:85:in `require'
	from -e:1:in `<main>'
/home/lorenzo/.rbenv/versions/3.0.4/lib/ruby/gems/3.0.0/gems/railties-6.1.7/lib/rails/application.rb:603:in `validate_secret_key_base': Missing `secret_key_base` for 'production' environment, set this string with `bin/rails credentials:edit` (ArgumentError)
	from /home/lorenzo/.rbenv/versions/3.0.4/lib/ruby/gems/3.0.0/gems/railties-6.1.7/lib/rails/application.rb:437:in `secret_key_base'
	from /home/lorenzo/.rbenv/versions/3.0.4/lib/ruby/gems/3.0.0/gems/devise-4.8.1/lib/devise/secret_key_finder.rb:24:in `key_exists?'
	from /home/lorenzo/.rbenv/versions/3.0.4/lib/ruby/gems/3.0.0/gems/devise-4.8.1/lib/devise/secret_key_finder.rb:16:in `find'
	from /home/lorenzo/.rbenv/versions/3.0.4/lib/ruby/gems/3.0.0/gems/devise-4.8.1/lib/devise/rails.rb:37:in `block in <class:Engine>'
	from /home/lorenzo/.rbenv/versions/3.0.4/lib/ruby/gems/3.0.0/gems/railties-6.1.7/lib/rails/initializable.rb:32:in `instance_exec'
	from /home/lorenzo/.rbenv/versions/3.0.4/lib/ruby/gems/3.0.0/gems/railties-6.1.7/lib/rails/initializable.rb:32:in `run'
	from /home/lorenzo/.rbenv/versions/3.0.4/lib/ruby/gems/3.0.0/gems/railties-6.1.7/lib/rails/initializable.rb:61:in `block in run_initializers'
	from /home/lorenzo/.rbenv/versions/3.0.4/lib/ruby/3.0.0/tsort.rb:228:in `block in tsort_each'
	from /home/lorenzo/.rbenv/versions/3.0.4/lib/ruby/3.0.0/tsort.rb:350:in `block (2 levels) in each_strongly_connected_component'
	from /home/lorenzo/.rbenv/versions/3.0.4/lib/ruby/3.0.0/tsort.rb:431:in `each_strongly_connected_component_from'
	from /home/lorenzo/.rbenv/versions/3.0.4/lib/ruby/3.0.0/tsort.rb:349:in `block in each_strongly_connected_component'
	from /home/lorenzo/.rbenv/versions/3.0.4/lib/ruby/3.0.0/tsort.rb:347:in `each'
	from /home/lorenzo/.rbenv/versions/3.0.4/lib/ruby/3.0.0/tsort.rb:347:in `call'
	from /home/lorenzo/.rbenv/versions/3.0.4/lib/ruby/3.0.0/tsort.rb:347:in `each_strongly_connected_component'
	from /home/lorenzo/.rbenv/versions/3.0.4/lib/ruby/3.0.0/tsort.rb:226:in `tsort_each'
	from /home/lorenzo/.rbenv/versions/3.0.4/lib/ruby/3.0.0/tsort.rb:205:in `tsort_each'
	from /home/lorenzo/.rbenv/versions/3.0.4/lib/ruby/gems/3.0.0/gems/railties-6.1.7/lib/rails/initializable.rb:60:in `run_initializers'
	from /home/lorenzo/.rbenv/versions/3.0.4/lib/ruby/gems/3.0.0/gems/railties-6.1.7/lib/rails/application.rb:391:in `initialize!'
	from /home/lorenzo/projects/seller_bot_backend/config/environment.rb:5:in `<main>'
	from /home/lorenzo/.rbenv/versions/3.0.4/lib/ruby/gems/3.0.0/gems/bootsnap-1.13.0/lib/bootsnap/load_path_cache/core_ext/kernel_require.rb:32:in `require'
	from /home/lorenzo/.rbenv/versions/3.0.4/lib/ruby/gems/3.0.0/gems/bootsnap-1.13.0/lib/bootsnap/load_path_cache/core_ext/kernel_require.rb:32:in `require'
	from /home/lorenzo/.rbenv/versions/3.0.4/lib/ruby/gems/3.0.0/gems/zeitwerk-2.6.1/lib/zeitwerk/kernel.rb:35:in `require'
	from /home/lorenzo/.rbenv/versions/3.0.4/lib/ruby/gems/3.0.0/gems/activesupport-6.1.7/lib/active_support/dependencies.rb:332:in `block in require'
	from /home/lorenzo/.rbenv/versions/3.0.4/lib/ruby/gems/3.0.0/gems/activesupport-6.1.7/lib/active_support/dependencies.rb:299:in `load_dependency'
	from /home/lorenzo/.rbenv/versions/3.0.4/lib/ruby/gems/3.0.0/gems/activesupport-6.1.7/lib/active_support/dependencies.rb:332:in `require'
	from /home/lorenzo/.rbenv/versions/3.0.4/lib/ruby/gems/3.0.0/gems/spring-4.1.0/lib/spring/application.rb:107:in `preload'
	from /home/lorenzo/.rbenv/versions/3.0.4/lib/ruby/gems/3.0.0/gems/spring-4.1.0/lib/spring/application.rb:166:in `serve'
	from /home/lorenzo/.rbenv/versions/3.0.4/lib/ruby/gems/3.0.0/gems/spring-4.1.0/lib/spring/application.rb:148:in `block in run'
	from /home/lorenzo/.rbenv/versions/3.0.4/lib/ruby/gems/3.0.0/gems/spring-4.1.0/lib/spring/application.rb:142:in `loop'
	from /home/lorenzo/.rbenv/versions/3.0.4/lib/ruby/gems/3.0.0/gems/spring-4.1.0/lib/spring/application.rb:142:in `run'
	from /home/lorenzo/.rbenv/versions/3.0.4/lib/ruby/gems/3.0.0/gems/spring-4.1.0/lib/spring/application/boot.rb:19:in `<top (required)>'
	from <internal:/home/lorenzo/.rbenv/versions/3.0.4/lib/ruby/3.0.0/rubygems/core_ext/kernel_require.rb>:85:in `require'
	from <internal:/home/lorenzo/.rbenv/versions/3.0.4/lib/ruby/3.0.0/rubygems/core_ext/kernel_require.rb>:85:in `require'
	from -e:1:in `<main>'
/home/lorenzo/.rbenv/versions/3.0.4/lib/ruby/gems/3.0.0/gems/railties-6.1.7/lib/rails/application.rb:603:in `validate_secret_key_base': Missing `secret_key_base` for 'production' environment, set this string with `bin/rails credentials:edit` (ArgumentError)
	from /home/lorenzo/.rbenv/versions/3.0.4/lib/ruby/gems/3.0.0/gems/railties-6.1.7/lib/rails/application.rb:437:in `secret_key_base'
	from /home/lorenzo/.rbenv/versions/3.0.4/lib/ruby/gems/3.0.0/gems/devise-4.8.1/lib/devise/secret_key_finder.rb:24:in `key_exists?'
	from /home/lorenzo/.rbenv/versions/3.0.4/lib/ruby/gems/3.0.0/gems/devise-4.8.1/lib/devise/secret_key_finder.rb:16:in `find'
	from /home/lorenzo/.rbenv/versions/3.0.4/lib/ruby/gems/3.0.0/gems/devise-4.8.1/lib/devise/rails.rb:37:in `block in <class:Engine>'
	from /home/lorenzo/.rbenv/versions/3.0.4/lib/ruby/gems/3.0.0/gems/railties-6.1.7/lib/rails/initializable.rb:32:in `instance_exec'
	from /home/lorenzo/.rbenv/versions/3.0.4/lib/ruby/gems/3.0.0/gems/railties-6.1.7/lib/rails/initializable.rb:32:in `run'
	from /home/lorenzo/.rbenv/versions/3.0.4/lib/ruby/gems/3.0.0/gems/railties-6.1.7/lib/rails/initializable.rb:61:in `block in run_initializers'
	from /home/lorenzo/.rbenv/versions/3.0.4/lib/ruby/3.0.0/tsort.rb:228:in `block in tsort_each'
	from /home/lorenzo/.rbenv/versions/3.0.4/lib/ruby/3.0.0/tsort.rb:350:in `block (2 levels) in each_strongly_connected_component'
	from /home/lorenzo/.rbenv/versions/3.0.4/lib/ruby/3.0.0/tsort.rb:431:in `each_strongly_connected_component_from'
	from /home/lorenzo/.rbenv/versions/3.0.4/lib/ruby/3.0.0/tsort.rb:349:in `block in each_strongly_connected_component'
	from /home/lorenzo/.rbenv/versions/3.0.4/lib/ruby/3.0.0/tsort.rb:347:in `each'
	from /home/lorenzo/.rbenv/versions/3.0.4/lib/ruby/3.0.0/tsort.rb:347:in `call'
	from /home/lorenzo/.rbenv/versions/3.0.4/lib/ruby/3.0.0/tsort.rb:347:in `each_strongly_connected_component'
	from /home/lorenzo/.rbenv/versions/3.0.4/lib/ruby/3.0.0/tsort.rb:226:in `tsort_each'
	from /home/lorenzo/.rbenv/versions/3.0.4/lib/ruby/3.0.0/tsort.rb:205:in `tsort_each'
	from /home/lorenzo/.rbenv/versions/3.0.4/lib/ruby/gems/3.0.0/gems/railties-6.1.7/lib/rails/initializable.rb:60:in `run_initializers'
	from /home/lorenzo/.rbenv/versions/3.0.4/lib/ruby/gems/3.0.0/gems/railties-6.1.7/lib/rails/application.rb:391:in `initialize!'
	from /home/lorenzo/projects/seller_bot_backend/config/environment.rb:5:in `<main>'
	from /home/lorenzo/.rbenv/versions/3.0.4/lib/ruby/gems/3.0.0/gems/bootsnap-1.13.0/lib/bootsnap/load_path_cache/core_ext/kernel_require.rb:32:in `require'
	from /home/lorenzo/.rbenv/versions/3.0.4/lib/ruby/gems/3.0.0/gems/bootsnap-1.13.0/lib/bootsnap/load_path_cache/core_ext/kernel_require.rb:32:in `require'
	from /home/lorenzo/.rbenv/versions/3.0.4/lib/ruby/gems/3.0.0/gems/zeitwerk-2.6.1/lib/zeitwerk/kernel.rb:35:in `require'
	from /home/lorenzo/.rbenv/versions/3.0.4/lib/ruby/gems/3.0.0/gems/activesupport-6.1.7/lib/active_support/dependencies.rb:332:in `block in require'
	from /home/lorenzo/.rbenv/versions/3.0.4/lib/ruby/gems/3.0.0/gems/activesupport-6.1.7/lib/active_support/dependencies.rb:299:in `load_dependency'
	from /home/lorenzo/.rbenv/versions/3.0.4/lib/ruby/gems/3.0.0/gems/activesupport-6.1.7/lib/active_support/dependencies.rb:332:in `require'
	from /home/lorenzo/.rbenv/versions/3.0.4/lib/ruby/gems/3.0.0/gems/spring-4.1.0/lib/spring/application.rb:107:in `preload'
	from /home/lorenzo/.rbenv/versions/3.0.4/lib/ruby/gems/3.0.0/gems/spring-4.1.0/lib/spring/application.rb:166:in `serve'
	from /home/lorenzo/.rbenv/versions/3.0.4/lib/ruby/gems/3.0.0/gems/spring-4.1.0/lib/spring/application.rb:148:in `block in run'
	from /home/lorenzo/.rbenv/versions/3.0.4/lib/ruby/gems/3.0.0/gems/spring-4.1.0/lib/spring/application.rb:142:in `loop'
	from /home/lorenzo/.rbenv/versions/3.0.4/lib/ruby/gems/3.0.0/gems/spring-4.1.0/lib/spring/application.rb:142:in `run'
	from /home/lorenzo/.rbenv/versions/3.0.4/lib/ruby/gems/3.0.0/gems/spring-4.1.0/lib/spring/application/boot.rb:19:in `<top (required)>'
	from <internal:/home/lorenzo/.rbenv/versions/3.0.4/lib/ruby/3.0.0/rubygems/core_ext/kernel_require.rb>:85:in `require'
	from <internal:/home/lorenzo/.rbenv/versions/3.0.4/lib/ruby/3.0.0/rubygems/core_ext/kernel_require.rb>:85:in `require'
	from -e:1:in `<main>'
/home/lorenzo/.rbenv/versions/3.0.4/lib/ruby/gems/3.0.0/gems/railties-6.1.7/lib/rails/application.rb:603:in `validate_secret_key_base': Missing `secret_key_base` for 'production' environment, set this string with `bin/rails credentials:edit` (ArgumentError)
	from /home/lorenzo/.rbenv/versions/3.0.4/lib/ruby/gems/3.0.0/gems/railties-6.1.7/lib/rails/application.rb:437:in `secret_key_base'
	from /home/lorenzo/.rbenv/versions/3.0.4/lib/ruby/gems/3.0.0/gems/devise-4.8.1/lib/devise/secret_key_finder.rb:24:in `key_exists?'
	from /home/lorenzo/.rbenv/versions/3.0.4/lib/ruby/gems/3.0.0/gems/devise-4.8.1/lib/devise/secret_key_finder.rb:16:in `find'
	from /home/lorenzo/.rbenv/versions/3.0.4/lib/ruby/gems/3.0.0/gems/devise-4.8.1/lib/devise/rails.rb:37:in `block in <class:Engine>'
	from /home/lorenzo/.rbenv/versions/3.0.4/lib/ruby/gems/3.0.0/gems/railties-6.1.7/lib/rails/initializable.rb:32:in `instance_exec'
	from /home/lorenzo/.rbenv/versions/3.0.4/lib/ruby/gems/3.0.0/gems/railties-6.1.7/lib/rails/initializable.rb:32:in `run'
	from /home/lorenzo/.rbenv/versions/3.0.4/lib/ruby/gems/3.0.0/gems/railties-6.1.7/lib/rails/initializable.rb:61:in `block in run_initializers'
	from /home/lorenzo/.rbenv/versions/3.0.4/lib/ruby/3.0.0/tsort.rb:228:in `block in tsort_each'
	from /home/lorenzo/.rbenv/versions/3.0.4/lib/ruby/3.0.0/tsort.rb:350:in `block (2 levels) in each_strongly_connected_component'
	from /home/lorenzo/.rbenv/versions/3.0.4/lib/ruby/3.0.0/tsort.rb:431:in `each_strongly_connected_component_from'
	from /home/lorenzo/.rbenv/versions/3.0.4/lib/ruby/3.0.0/tsort.rb:349:in `block in each_strongly_connected_component'
	from /home/lorenzo/.rbenv/versions/3.0.4/lib/ruby/3.0.0/tsort.rb:347:in `each'
	from /home/lorenzo/.rbenv/versions/3.0.4/lib/ruby/3.0.0/tsort.rb:347:in `call'
	from /home/lorenzo/.rbenv/versions/3.0.4/lib/ruby/3.0.0/tsort.rb:347:in `each_strongly_connected_component'
	from /home/lorenzo/.rbenv/versions/3.0.4/lib/ruby/3.0.0/tsort.rb:226:in `tsort_each'
	from /home/lorenzo/.rbenv/versions/3.0.4/lib/ruby/3.0.0/tsort.rb:205:in `tsort_each'
	from /home/lorenzo/.rbenv/versions/3.0.4/lib/ruby/gems/3.0.0/gems/railties-6.1.7/lib/rails/initializable.rb:60:in `run_initializers'
	from /home/lorenzo/.rbenv/versions/3.0.4/lib/ruby/gems/3.0.0/gems/railties-6.1.7/lib/rails/application.rb:391:in `initialize!'
	from /home/lorenzo/projects/seller_bot_backend/config/environment.rb:5:in `<main>'
	from /home/lorenzo/.rbenv/versions/3.0.4/lib/ruby/gems/3.0.0/gems/bootsnap-1.13.0/lib/bootsnap/load_path_cache/core_ext/kernel_require.rb:32:in `require'
	from /home/lorenzo/.rbenv/versions/3.0.4/lib/ruby/gems/3.0.0/gems/bootsnap-1.13.0/lib/bootsnap/load_path_cache/core_ext/kernel_require.rb:32:in `require'
	from /home/lorenzo/.rbenv/versions/3.0.4/lib/ruby/gems/3.0.0/gems/zeitwerk-2.6.1/lib/zeitwerk/kernel.rb:35:in `require'
	from /home/lorenzo/.rbenv/versions/3.0.4/lib/ruby/gems/3.0.0/gems/activesupport-6.1.7/lib/active_support/dependencies.rb:332:in `block in require'
	from /home/lorenzo/.rbenv/versions/3.0.4/lib/ruby/gems/3.0.0/gems/activesupport-6.1.7/lib/active_support/dependencies.rb:299:in `load_dependency'
	from /home/lorenzo/.rbenv/versions/3.0.4/lib/ruby/gems/3.0.0/gems/activesupport-6.1.7/lib/active_support/dependencies.rb:332:in `require'
	from /home/lorenzo/.rbenv/versions/3.0.4/lib/ruby/gems/3.0.0/gems/spring-4.1.0/lib/spring/application.rb:107:in `preload'
	from /home/lorenzo/.rbenv/versions/3.0.4/lib/ruby/gems/3.0.0/gems/spring-4.1.0/lib/spring/application.rb:166:in `serve'
	from /home/lorenzo/.rbenv/versions/3.0.4/lib/ruby/gems/3.0.0/gems/spring-4.1.0/lib/spring/application.rb:148:in `block in run'
	from /home/lorenzo/.rbenv/versions/3.0.4/lib/ruby/gems/3.0.0/gems/spring-4.1.0/lib/spring/application.rb:142:in `loop'
	from /home/lorenzo/.rbenv/versions/3.0.4/lib/ruby/gems/3.0.0/gems/spring-4.1.0/lib/spring/application.rb:142:in `run'
	from /home/lorenzo/.rbenv/versions/3.0.4/lib/ruby/gems/3.0.0/gems/spring-4.1.0/lib/spring/application/boot.rb:19:in `<top (required)>'
	from <internal:/home/lorenzo/.rbenv/versions/3.0.4/lib/ruby/3.0.0/rubygems/core_ext/kernel_require.rb>:85:in `require'
	from <internal:/home/lorenzo/.rbenv/versions/3.0.4/lib/ruby/3.0.0/rubygems/core_ext/kernel_require.rb>:85:in `require'
	from -e:1:in `<main>'
/home/lorenzo/.rbenv/versions/3.0.4/lib/ruby/gems/3.0.0/gems/railties-6.1.7/lib/rails/application.rb:603:in `validate_secret_key_base': Missing `secret_key_base` for 'production' environment, set this string with `bin/rails credentials:edit` (ArgumentError)
	from /home/lorenzo/.rbenv/versions/3.0.4/lib/ruby/gems/3.0.0/gems/railties-6.1.7/lib/rails/application.rb:437:in `secret_key_base'
	from /home/lorenzo/.rbenv/versions/3.0.4/lib/ruby/gems/3.0.0/gems/devise-4.8.1/lib/devise/secret_key_finder.rb:24:in `key_exists?'
	from /home/lorenzo/.rbenv/versions/3.0.4/lib/ruby/gems/3.0.0/gems/devise-4.8.1/lib/devise/secret_key_finder.rb:16:in `find'
	from /home/lorenzo/.rbenv/versions/3.0.4/lib/ruby/gems/3.0.0/gems/devise-4.8.1/lib/devise/rails.rb:37:in `block in <class:Engine>'
	from /home/lorenzo/.rbenv/versions/3.0.4/lib/ruby/gems/3.0.0/gems/railties-6.1.7/lib/rails/initializable.rb:32:in `instance_exec'
	from /home/lorenzo/.rbenv/versions/3.0.4/lib/ruby/gems/3.0.0/gems/railties-6.1.7/lib/rails/initializable.rb:32:in `run'
	from /home/lorenzo/.rbenv/versions/3.0.4/lib/ruby/gems/3.0.0/gems/railties-6.1.7/lib/rails/initializable.rb:61:in `block in run_initializers'
	from /home/lorenzo/.rbenv/versions/3.0.4/lib/ruby/3.0.0/tsort.rb:228:in `block in tsort_each'
	from /home/lorenzo/.rbenv/versions/3.0.4/lib/ruby/3.0.0/tsort.rb:350:in `block (2 levels) in each_strongly_connected_component'
	from /home/lorenzo/.rbenv/versions/3.0.4/lib/ruby/3.0.0/tsort.rb:431:in `each_strongly_connected_component_from'
	from /home/lorenzo/.rbenv/versions/3.0.4/lib/ruby/3.0.0/tsort.rb:349:in `block in each_strongly_connected_component'
	from /home/lorenzo/.rbenv/versions/3.0.4/lib/ruby/3.0.0/tsort.rb:347:in `each'
	from /home/lorenzo/.rbenv/versions/3.0.4/lib/ruby/3.0.0/tsort.rb:347:in `call'
	from /home/lorenzo/.rbenv/versions/3.0.4/lib/ruby/3.0.0/tsort.rb:347:in `each_strongly_connected_component'
	from /home/lorenzo/.rbenv/versions/3.0.4/lib/ruby/3.0.0/tsort.rb:226:in `tsort_each'
	from /home/lorenzo/.rbenv/versions/3.0.4/lib/ruby/3.0.0/tsort.rb:205:in `tsort_each'
	from /home/lorenzo/.rbenv/versions/3.0.4/lib/ruby/gems/3.0.0/gems/railties-6.1.7/lib/rails/initializable.rb:60:in `run_initializers'
	from /home/lorenzo/.rbenv/versions/3.0.4/lib/ruby/gems/3.0.0/gems/railties-6.1.7/lib/rails/application.rb:391:in `initialize!'
	from /home/lorenzo/projects/seller_bot_backend/config/environment.rb:5:in `<main>'
	from /home/lorenzo/.rbenv/versions/3.0.4/lib/ruby/gems/3.0.0/gems/bootsnap-1.13.0/lib/bootsnap/load_path_cache/core_ext/kernel_require.rb:32:in `require'
	from /home/lorenzo/.rbenv/versions/3.0.4/lib/ruby/gems/3.0.0/gems/bootsnap-1.13.0/lib/bootsnap/load_path_cache/core_ext/kernel_require.rb:32:in `require'
	from /home/lorenzo/.rbenv/versions/3.0.4/lib/ruby/gems/3.0.0/gems/zeitwerk-2.6.1/lib/zeitwerk/kernel.rb:35:in `require'
	from /home/lorenzo/.rbenv/versions/3.0.4/lib/ruby/gems/3.0.0/gems/activesupport-6.1.7/lib/active_support/dependencies.rb:332:in `block in require'
	from /home/lorenzo/.rbenv/versions/3.0.4/lib/ruby/gems/3.0.0/gems/activesupport-6.1.7/lib/active_support/dependencies.rb:299:in `load_dependency'
	from /home/lorenzo/.rbenv/versions/3.0.4/lib/ruby/gems/3.0.0/gems/activesupport-6.1.7/lib/active_support/dependencies.rb:332:in `require'
	from /home/lorenzo/.rbenv/versions/3.0.4/lib/ruby/gems/3.0.0/gems/spring-4.1.0/lib/spring/application.rb:107:in `preload'
	from /home/lorenzo/.rbenv/versions/3.0.4/lib/ruby/gems/3.0.0/gems/spring-4.1.0/lib/spring/application.rb:166:in `serve'
	from /home/lorenzo/.rbenv/versions/3.0.4/lib/ruby/gems/3.0.0/gems/spring-4.1.0/lib/spring/application.rb:148:in `block in run'
	from /home/lorenzo/.rbenv/versions/3.0.4/lib/ruby/gems/3.0.0/gems/spring-4.1.0/lib/spring/application.rb:142:in `loop'
	from /home/lorenzo/.rbenv/versions/3.0.4/lib/ruby/gems/3.0.0/gems/spring-4.1.0/lib/spring/application.rb:142:in `run'
	from /home/lorenzo/.rbenv/versions/3.0.4/lib/ruby/gems/3.0.0/gems/spring-4.1.0/lib/spring/application/boot.rb:19:in `<top (required)>'
	from <internal:/home/lorenzo/.rbenv/versions/3.0.4/lib/ruby/3.0.0/rubygems/core_ext/kernel_require.rb>:85:in `require'
	from <internal:/home/lorenzo/.rbenv/versions/3.0.4/lib/ruby/3.0.0/rubygems/core_ext/kernel_require.rb>:85:in `require'
	from -e:1:in `<main>'
/home/lorenzo/.rbenv/versions/3.0.4/lib/ruby/gems/3.0.0/gems/railties-6.1.7/lib/rails/application.rb:603:in `validate_secret_key_base': Missing `secret_key_base` for 'production' environment, set this string with `bin/rails credentials:edit` (ArgumentError)
	from /home/lorenzo/.rbenv/versions/3.0.4/lib/ruby/gems/3.0.0/gems/railties-6.1.7/lib/rails/application.rb:437:in `secret_key_base'
	from /home/lorenzo/.rbenv/versions/3.0.4/lib/ruby/gems/3.0.0/gems/devise-4.8.1/lib/devise/secret_key_finder.rb:24:in `key_exists?'
	from /home/lorenzo/.rbenv/versions/3.0.4/lib/ruby/gems/3.0.0/gems/devise-4.8.1/lib/devise/secret_key_finder.rb:16:in `find'
	from /home/lorenzo/.rbenv/versions/3.0.4/lib/ruby/gems/3.0.0/gems/devise-4.8.1/lib/devise/rails.rb:37:in `block in <class:Engine>'
	from /home/lorenzo/.rbenv/versions/3.0.4/lib/ruby/gems/3.0.0/gems/railties-6.1.7/lib/rails/initializable.rb:32:in `instance_exec'
	from /home/lorenzo/.rbenv/versions/3.0.4/lib/ruby/gems/3.0.0/gems/railties-6.1.7/lib/rails/initializable.rb:32:in `run'
	from /home/lorenzo/.rbenv/versions/3.0.4/lib/ruby/gems/3.0.0/gems/railties-6.1.7/lib/rails/initializable.rb:61:in `block in run_initializers'
	from /home/lorenzo/.rbenv/versions/3.0.4/lib/ruby/3.0.0/tsort.rb:228:in `block in tsort_each'
	from /home/lorenzo/.rbenv/versions/3.0.4/lib/ruby/3.0.0/tsort.rb:350:in `block (2 levels) in each_strongly_connected_component'
	from /home/lorenzo/.rbenv/versions/3.0.4/lib/ruby/3.0.0/tsort.rb:431:in `each_strongly_connected_component_from'
	from /home/lorenzo/.rbenv/versions/3.0.4/lib/ruby/3.0.0/tsort.rb:349:in `block in each_strongly_connected_component'
	from /home/lorenzo/.rbenv/versions/3.0.4/lib/ruby/3.0.0/tsort.rb:347:in `each'
	from /home/lorenzo/.rbenv/versions/3.0.4/lib/ruby/3.0.0/tsort.rb:347:in `call'
	from /home/lorenzo/.rbenv/versions/3.0.4/lib/ruby/3.0.0/tsort.rb:347:in `each_strongly_connected_component'
	from /home/lorenzo/.rbenv/versions/3.0.4/lib/ruby/3.0.0/tsort.rb:226:in `tsort_each'
	from /home/lorenzo/.rbenv/versions/3.0.4/lib/ruby/3.0.0/tsort.rb:205:in `tsort_each'
	from /home/lorenzo/.rbenv/versions/3.0.4/lib/ruby/gems/3.0.0/gems/railties-6.1.7/lib/rails/initializable.rb:60:in `run_initializers'
	from /home/lorenzo/.rbenv/versions/3.0.4/lib/ruby/gems/3.0.0/gems/railties-6.1.7/lib/rails/application.rb:391:in `initialize!'
	from /home/lorenzo/projects/seller_bot_backend/config/environment.rb:5:in `<main>'
	from /home/lorenzo/.rbenv/versions/3.0.4/lib/ruby/gems/3.0.0/gems/bootsnap-1.13.0/lib/bootsnap/load_path_cache/core_ext/kernel_require.rb:32:in `require'
	from /home/lorenzo/.rbenv/versions/3.0.4/lib/ruby/gems/3.0.0/gems/bootsnap-1.13.0/lib/bootsnap/load_path_cache/core_ext/kernel_require.rb:32:in `require'
	from /home/lorenzo/.rbenv/versions/3.0.4/lib/ruby/gems/3.0.0/gems/zeitwerk-2.6.1/lib/zeitwerk/kernel.rb:35:in `require'
	from /home/lorenzo/.rbenv/versions/3.0.4/lib/ruby/gems/3.0.0/gems/activesupport-6.1.7/lib/active_support/dependencies.rb:332:in `block in require'
	from /home/lorenzo/.rbenv/versions/3.0.4/lib/ruby/gems/3.0.0/gems/activesupport-6.1.7/lib/active_support/dependencies.rb:299:in `load_dependency'
	from /home/lorenzo/.rbenv/versions/3.0.4/lib/ruby/gems/3.0.0/gems/activesupport-6.1.7/lib/active_support/dependencies.rb:332:in `require'
	from /home/lorenzo/.rbenv/versions/3.0.4/lib/ruby/gems/3.0.0/gems/spring-4.1.0/lib/spring/application.rb:107:in `preload'
	from /home/lorenzo/.rbenv/versions/3.0.4/lib/ruby/gems/3.0.0/gems/spring-4.1.0/lib/spring/application.rb:166:in `serve'
	from /home/lorenzo/.rbenv/versions/3.0.4/lib/ruby/gems/3.0.0/gems/spring-4.1.0/lib/spring/application.rb:148:in `block in run'
	from /home/lorenzo/.rbenv/versions/3.0.4/lib/ruby/gems/3.0.0/gems/spring-4.1.0/lib/spring/application.rb:142:in `loop'
	from /home/lorenzo/.rbenv/versions/3.0.4/lib/ruby/gems/3.0.0/gems/spring-4.1.0/lib/spring/application.rb:142:in `run'
	from /home/lorenzo/.rbenv/versions/3.0.4/lib/ruby/gems/3.0.0/gems/spring-4.1.0/lib/spring/application/boot.rb:19:in `<top (required)>'
	from <internal:/home/lorenzo/.rbenv/versions/3.0.4/lib/ruby/3.0.0/rubygems/core_ext/kernel_require.rb>:85:in `require'
	from <internal:/home/lorenzo/.rbenv/versions/3.0.4/lib/ruby/3.0.0/rubygems/core_ext/kernel_require.rb>:85:in `require'
	from -e:1:in `<main>'
/home/lorenzo/.rbenv/versions/3.0.4/lib/ruby/gems/3.0.0/gems/railties-6.1.7/lib/rails/application.rb:603:in `validate_secret_key_base': Missing `secret_key_base` for 'production' environment, set this string with `bin/rails credentials:edit` (ArgumentError)
	from /home/lorenzo/.rbenv/versions/3.0.4/lib/ruby/gems/3.0.0/gems/railties-6.1.7/lib/rails/application.rb:437:in `secret_key_base'
	from /home/lorenzo/.rbenv/versions/3.0.4/lib/ruby/gems/3.0.0/gems/devise-4.8.1/lib/devise/secret_key_finder.rb:24:in `key_exists?'
	from /home/lorenzo/.rbenv/versions/3.0.4/lib/ruby/gems/3.0.0/gems/devise-4.8.1/lib/devise/secret_key_finder.rb:16:in `find'
	from /home/lorenzo/.rbenv/versions/3.0.4/lib/ruby/gems/3.0.0/gems/devise-4.8.1/lib/devise/rails.rb:37:in `block in <class:Engine>'
	from /home/lorenzo/.rbenv/versions/3.0.4/lib/ruby/gems/3.0.0/gems/railties-6.1.7/lib/rails/initializable.rb:32:in `instance_exec'
	from /home/lorenzo/.rbenv/versions/3.0.4/lib/ruby/gems/3.0.0/gems/railties-6.1.7/lib/rails/initializable.rb:32:in `run'
	from /home/lorenzo/.rbenv/versions/3.0.4/lib/ruby/gems/3.0.0/gems/railties-6.1.7/lib/rails/initializable.rb:61:in `block in run_initializers'
	from /home/lorenzo/.rbenv/versions/3.0.4/lib/ruby/3.0.0/tsort.rb:228:in `block in tsort_each'
	from /home/lorenzo/.rbenv/versions/3.0.4/lib/ruby/3.0.0/tsort.rb:350:in `block (2 levels) in each_strongly_connected_component'
	from /home/lorenzo/.rbenv/versions/3.0.4/lib/ruby/3.0.0/tsort.rb:431:in `each_strongly_connected_component_from'
	from /home/lorenzo/.rbenv/versions/3.0.4/lib/ruby/3.0.0/tsort.rb:349:in `block in each_strongly_connected_component'
	from /home/lorenzo/.rbenv/versions/3.0.4/lib/ruby/3.0.0/tsort.rb:347:in `each'
	from /home/lorenzo/.rbenv/versions/3.0.4/lib/ruby/3.0.0/tsort.rb:347:in `call'
	from /home/lorenzo/.rbenv/versions/3.0.4/lib/ruby/3.0.0/tsort.rb:347:in `each_strongly_connected_component'
	from /home/lorenzo/.rbenv/versions/3.0.4/lib/ruby/3.0.0/tsort.rb:226:in `tsort_each'
	from /home/lorenzo/.rbenv/versions/3.0.4/lib/ruby/3.0.0/tsort.rb:205:in `tsort_each'
	from /home/lorenzo/.rbenv/versions/3.0.4/lib/ruby/gems/3.0.0/gems/railties-6.1.7/lib/rails/initializable.rb:60:in `run_initializers'
	from /home/lorenzo/.rbenv/versions/3.0.4/lib/ruby/gems/3.0.0/gems/railties-6.1.7/lib/rails/application.rb:391:in `initialize!'
	from /home/lorenzo/projects/seller_bot_backend/config/environment.rb:5:in `<main>'
	from /home/lorenzo/.rbenv/versions/3.0.4/lib/ruby/gems/3.0.0/gems/bootsnap-1.13.0/lib/bootsnap/load_path_cache/core_ext/kernel_require.rb:32:in `require'
	from /home/lorenzo/.rbenv/versions/3.0.4/lib/ruby/gems/3.0.0/gems/bootsnap-1.13.0/lib/bootsnap/load_path_cache/core_ext/kernel_require.rb:32:in `require'
	from /home/lorenzo/.rbenv/versions/3.0.4/lib/ruby/gems/3.0.0/gems/zeitwerk-2.6.1/lib/zeitwerk/kernel.rb:35:in `require'
	from /home/lorenzo/.rbenv/versions/3.0.4/lib/ruby/gems/3.0.0/gems/activesupport-6.1.7/lib/active_support/dependencies.rb:332:in `block in require'
	from /home/lorenzo/.rbenv/versions/3.0.4/lib/ruby/gems/3.0.0/gems/activesupport-6.1.7/lib/active_support/dependencies.rb:299:in `load_dependency'
	from /home/lorenzo/.rbenv/versions/3.0.4/lib/ruby/gems/3.0.0/gems/activesupport-6.1.7/lib/active_support/dependencies.rb:332:in `require'
	from /home/lorenzo/.rbenv/versions/3.0.4/lib/ruby/gems/3.0.0/gems/spring-4.1.0/lib/spring/application.rb:107:in `preload'
	from /home/lorenzo/.rbenv/versions/3.0.4/lib/ruby/gems/3.0.0/gems/spring-4.1.0/lib/spring/application.rb:166:in `serve'
	from /home/lorenzo/.rbenv/versions/3.0.4/lib/ruby/gems/3.0.0/gems/spring-4.1.0/lib/spring/application.rb:148:in `block in run'
	from /home/lorenzo/.rbenv/versions/3.0.4/lib/ruby/gems/3.0.0/gems/spring-4.1.0/lib/spring/application.rb:142:in `loop'
	from /home/lorenzo/.rbenv/versions/3.0.4/lib/ruby/gems/3.0.0/gems/spring-4.1.0/lib/spring/application.rb:142:in `run'
	from /home/lorenzo/.rbenv/versions/3.0.4/lib/ruby/gems/3.0.0/gems/spring-4.1.0/lib/spring/application/boot.rb:19:in `<top (required)>'
	from <internal:/home/lorenzo/.rbenv/versions/3.0.4/lib/ruby/3.0.0/rubygems/core_ext/kernel_require.rb>:85:in `require'
	from <internal:/home/lorenzo/.rbenv/versions/3.0.4/lib/ruby/3.0.0/rubygems/core_ext/kernel_require.rb>:85:in `require'
	from -e:1:in `<main>'
/home/lorenzo/.rbenv/versions/3.0.4/lib/ruby/gems/3.0.0/gems/railties-6.1.7/lib/rails/application.rb:603:in `validate_secret_key_base': Missing `secret_key_base` for 'production' environment, set this string with `bin/rails credentials:edit` (ArgumentError)
	from /home/lorenzo/.rbenv/versions/3.0.4/lib/ruby/gems/3.0.0/gems/railties-6.1.7/lib/rails/application.rb:437:in `secret_key_base'
	from /home/lorenzo/.rbenv/versions/3.0.4/lib/ruby/gems/3.0.0/gems/devise-4.8.1/lib/devise/secret_key_finder.rb:24:in `key_exists?'
	from /home/lorenzo/.rbenv/versions/3.0.4/lib/ruby/gems/3.0.0/gems/devise-4.8.1/lib/devise/secret_key_finder.rb:16:in `find'
	from /home/lorenzo/.rbenv/versions/3.0.4/lib/ruby/gems/3.0.0/gems/devise-4.8.1/lib/devise/rails.rb:37:in `block in <class:Engine>'
	from /home/lorenzo/.rbenv/versions/3.0.4/lib/ruby/gems/3.0.0/gems/railties-6.1.7/lib/rails/initializable.rb:32:in `instance_exec'
	from /home/lorenzo/.rbenv/versions/3.0.4/lib/ruby/gems/3.0.0/gems/railties-6.1.7/lib/rails/initializable.rb:32:in `run'
	from /home/lorenzo/.rbenv/versions/3.0.4/lib/ruby/gems/3.0.0/gems/railties-6.1.7/lib/rails/initializable.rb:61:in `block in run_initializers'
	from /home/lorenzo/.rbenv/versions/3.0.4/lib/ruby/3.0.0/tsort.rb:228:in `block in tsort_each'
	from /home/lorenzo/.rbenv/versions/3.0.4/lib/ruby/3.0.0/tsort.rb:350:in `block (2 levels) in each_strongly_connected_component'
	from /home/lorenzo/.rbenv/versions/3.0.4/lib/ruby/3.0.0/tsort.rb:431:in `each_strongly_connected_component_from'
	from /home/lorenzo/.rbenv/versions/3.0.4/lib/ruby/3.0.0/tsort.rb:349:in `block in each_strongly_connected_component'
	from /home/lorenzo/.rbenv/versions/3.0.4/lib/ruby/3.0.0/tsort.rb:347:in `each'
	from /home/lorenzo/.rbenv/versions/3.0.4/lib/ruby/3.0.0/tsort.rb:347:in `call'
	from /home/lorenzo/.rbenv/versions/3.0.4/lib/ruby/3.0.0/tsort.rb:347:in `each_strongly_connected_component'
	from /home/lorenzo/.rbenv/versions/3.0.4/lib/ruby/3.0.0/tsort.rb:226:in `tsort_each'
	from /home/lorenzo/.rbenv/versions/3.0.4/lib/ruby/3.0.0/tsort.rb:205:in `tsort_each'
	from /home/lorenzo/.rbenv/versions/3.0.4/lib/ruby/gems/3.0.0/gems/railties-6.1.7/lib/rails/initializable.rb:60:in `run_initializers'
	from /home/lorenzo/.rbenv/versions/3.0.4/lib/ruby/gems/3.0.0/gems/railties-6.1.7/lib/rails/application.rb:391:in `initialize!'
	from /home/lorenzo/projects/seller_bot_backend/config/environment.rb:5:in `<main>'
	from /home/lorenzo/.rbenv/versions/3.0.4/lib/ruby/gems/3.0.0/gems/bootsnap-1.13.0/lib/bootsnap/load_path_cache/core_ext/kernel_require.rb:32:in `require'
	from /home/lorenzo/.rbenv/versions/3.0.4/lib/ruby/gems/3.0.0/gems/bootsnap-1.13.0/lib/bootsnap/load_path_cache/core_ext/kernel_require.rb:32:in `require'
	from /home/lorenzo/.rbenv/versions/3.0.4/lib/ruby/gems/3.0.0/gems/zeitwerk-2.6.1/lib/zeitwerk/kernel.rb:35:in `require'
	from /home/lorenzo/.rbenv/versions/3.0.4/lib/ruby/gems/3.0.0/gems/activesupport-6.1.7/lib/active_support/dependencies.rb:332:in `block in require'
	from /home/lorenzo/.rbenv/versions/3.0.4/lib/ruby/gems/3.0.0/gems/activesupport-6.1.7/lib/active_support/dependencies.rb:299:in `load_dependency'
	from /home/lorenzo/.rbenv/versions/3.0.4/lib/ruby/gems/3.0.0/gems/activesupport-6.1.7/lib/active_support/dependencies.rb:332:in `require'
	from /home/lorenzo/.rbenv/versions/3.0.4/lib/ruby/gems/3.0.0/gems/spring-4.1.0/lib/spring/application.rb:107:in `preload'
	from /home/lorenzo/.rbenv/versions/3.0.4/lib/ruby/gems/3.0.0/gems/spring-4.1.0/lib/spring/application.rb:166:in `serve'
	from /home/lorenzo/.rbenv/versions/3.0.4/lib/ruby/gems/3.0.0/gems/spring-4.1.0/lib/spring/application.rb:148:in `block in run'
	from /home/lorenzo/.rbenv/versions/3.0.4/lib/ruby/gems/3.0.0/gems/spring-4.1.0/lib/spring/application.rb:142:in `loop'
	from /home/lorenzo/.rbenv/versions/3.0.4/lib/ruby/gems/3.0.0/gems/spring-4.1.0/lib/spring/application.rb:142:in `run'
	from /home/lorenzo/.rbenv/versions/3.0.4/lib/ruby/gems/3.0.0/gems/spring-4.1.0/lib/spring/application/boot.rb:19:in `<top (required)>'
	from <internal:/home/lorenzo/.rbenv/versions/3.0.4/lib/ruby/3.0.0/rubygems/core_ext/kernel_require.rb>:85:in `require'
	from <internal:/home/lorenzo/.rbenv/versions/3.0.4/lib/ruby/3.0.0/rubygems/core_ext/kernel_require.rb>:85:in `require'
	from -e:1:in `<main>'
/home/lorenzo/.rbenv/versions/3.0.4/lib/ruby/gems/3.0.0/gems/railties-6.1.7/lib/rails/application.rb:603:in `validate_secret_key_base': Missing `secret_key_base` for 'production' environment, set this string with `bin/rails credentials:edit` (ArgumentError)
	from /home/lorenzo/.rbenv/versions/3.0.4/lib/ruby/gems/3.0.0/gems/railties-6.1.7/lib/rails/application.rb:437:in `secret_key_base'
	from /home/lorenzo/.rbenv/versions/3.0.4/lib/ruby/gems/3.0.0/gems/devise-4.8.1/lib/devise/secret_key_finder.rb:24:in `key_exists?'
	from /home/lorenzo/.rbenv/versions/3.0.4/lib/ruby/gems/3.0.0/gems/devise-4.8.1/lib/devise/secret_key_finder.rb:16:in `find'
	from /home/lorenzo/.rbenv/versions/3.0.4/lib/ruby/gems/3.0.0/gems/devise-4.8.1/lib/devise/rails.rb:37:in `block in <class:Engine>'
	from /home/lorenzo/.rbenv/versions/3.0.4/lib/ruby/gems/3.0.0/gems/railties-6.1.7/lib/rails/initializable.rb:32:in `instance_exec'
	from /home/lorenzo/.rbenv/versions/3.0.4/lib/ruby/gems/3.0.0/gems/railties-6.1.7/lib/rails/initializable.rb:32:in `run'
	from /home/lorenzo/.rbenv/versions/3.0.4/lib/ruby/gems/3.0.0/gems/railties-6.1.7/lib/rails/initializable.rb:61:in `block in run_initializers'
	from /home/lorenzo/.rbenv/versions/3.0.4/lib/ruby/3.0.0/tsort.rb:228:in `block in tsort_each'
	from /home/lorenzo/.rbenv/versions/3.0.4/lib/ruby/3.0.0/tsort.rb:350:in `block (2 levels) in each_strongly_connected_component'
	from /home/lorenzo/.rbenv/versions/3.0.4/lib/ruby/3.0.0/tsort.rb:431:in `each_strongly_connected_component_from'
	from /home/lorenzo/.rbenv/versions/3.0.4/lib/ruby/3.0.0/tsort.rb:349:in `block in each_strongly_connected_component'
	from /home/lorenzo/.rbenv/versions/3.0.4/lib/ruby/3.0.0/tsort.rb:347:in `each'
	from /home/lorenzo/.rbenv/versions/3.0.4/lib/ruby/3.0.0/tsort.rb:347:in `call'
	from /home/lorenzo/.rbenv/versions/3.0.4/lib/ruby/3.0.0/tsort.rb:347:in `each_strongly_connected_component'
	from /home/lorenzo/.rbenv/versions/3.0.4/lib/ruby/3.0.0/tsort.rb:226:in `tsort_each'
	from /home/lorenzo/.rbenv/versions/3.0.4/lib/ruby/3.0.0/tsort.rb:205:in `tsort_each'
	from /home/lorenzo/.rbenv/versions/3.0.4/lib/ruby/gems/3.0.0/gems/railties-6.1.7/lib/rails/initializable.rb:60:in `run_initializers'
	from /home/lorenzo/.rbenv/versions/3.0.4/lib/ruby/gems/3.0.0/gems/railties-6.1.7/lib/rails/application.rb:391:in `initialize!'
	from /home/lorenzo/projects/seller_bot_backend/config/environment.rb:5:in `<main>'
	from /home/lorenzo/.rbenv/versions/3.0.4/lib/ruby/gems/3.0.0/gems/bootsnap-1.13.0/lib/bootsnap/load_path_cache/core_ext/kernel_require.rb:32:in `require'
	from /home/lorenzo/.rbenv/versions/3.0.4/lib/ruby/gems/3.0.0/gems/bootsnap-1.13.0/lib/bootsnap/load_path_cache/core_ext/kernel_require.rb:32:in `require'
	from /home/lorenzo/.rbenv/versions/3.0.4/lib/ruby/gems/3.0.0/gems/zeitwerk-2.6.1/lib/zeitwerk/kernel.rb:35:in `require'
	from /home/lorenzo/.rbenv/versions/3.0.4/lib/ruby/gems/3.0.0/gems/activesupport-6.1.7/lib/active_support/dependencies.rb:332:in `block in require'
	from /home/lorenzo/.rbenv/versions/3.0.4/lib/ruby/gems/3.0.0/gems/activesupport-6.1.7/lib/active_support/dependencies.rb:299:in `load_dependency'
	from /home/lorenzo/.rbenv/versions/3.0.4/lib/ruby/gems/3.0.0/gems/activesupport-6.1.7/lib/active_support/dependencies.rb:332:in `require'
	from /home/lorenzo/.rbenv/versions/3.0.4/lib/ruby/gems/3.0.0/gems/spring-4.1.0/lib/spring/application.rb:107:in `preload'
	from /home/lorenzo/.rbenv/versions/3.0.4/lib/ruby/gems/3.0.0/gems/spring-4.1.0/lib/spring/application.rb:166:in `serve'
	from /home/lorenzo/.rbenv/versions/3.0.4/lib/ruby/gems/3.0.0/gems/spring-4.1.0/lib/spring/application.rb:148:in `block in run'
	from /home/lorenzo/.rbenv/versions/3.0.4/lib/ruby/gems/3.0.0/gems/spring-4.1.0/lib/spring/application.rb:142:in `loop'
	from /home/lorenzo/.rbenv/versions/3.0.4/lib/ruby/gems/3.0.0/gems/spring-4.1.0/lib/spring/application.rb:142:in `run'
	from /home/lorenzo/.rbenv/versions/3.0.4/lib/ruby/gems/3.0.0/gems/spring-4.1.0/lib/spring/application/boot.rb:19:in `<top (required)>'
	from <internal:/home/lorenzo/.rbenv/versions/3.0.4/lib/ruby/3.0.0/rubygems/core_ext/kernel_require.rb>:85:in `require'
	from <internal:/home/lorenzo/.rbenv/versions/3.0.4/lib/ruby/3.0.0/rubygems/core_ext/kernel_require.rb>:85:in `require'
	from -e:1:in `<main>'
/home/lorenzo/.rbenv/versions/3.0.4/lib/ruby/gems/3.0.0/gems/railties-6.1.7/lib/rails/application.rb:603:in `validate_secret_key_base': Missing `secret_key_base` for 'production' environment, set this string with `bin/rails credentials:edit` (ArgumentError)
	from /home/lorenzo/.rbenv/versions/3.0.4/lib/ruby/gems/3.0.0/gems/railties-6.1.7/lib/rails/application.rb:437:in `secret_key_base'
	from /home/lorenzo/.rbenv/versions/3.0.4/lib/ruby/gems/3.0.0/gems/devise-4.8.1/lib/devise/secret_key_finder.rb:24:in `key_exists?'
	from /home/lorenzo/.rbenv/versions/3.0.4/lib/ruby/gems/3.0.0/gems/devise-4.8.1/lib/devise/secret_key_finder.rb:16:in `find'
	from /home/lorenzo/.rbenv/versions/3.0.4/lib/ruby/gems/3.0.0/gems/devise-4.8.1/lib/devise/rails.rb:37:in `block in <class:Engine>'
	from /home/lorenzo/.rbenv/versions/3.0.4/lib/ruby/gems/3.0.0/gems/railties-6.1.7/lib/rails/initializable.rb:32:in `instance_exec'
	from /home/lorenzo/.rbenv/versions/3.0.4/lib/ruby/gems/3.0.0/gems/railties-6.1.7/lib/rails/initializable.rb:32:in `run'
	from /home/lorenzo/.rbenv/versions/3.0.4/lib/ruby/gems/3.0.0/gems/railties-6.1.7/lib/rails/initializable.rb:61:in `block in run_initializers'
	from /home/lorenzo/.rbenv/versions/3.0.4/lib/ruby/3.0.0/tsort.rb:228:in `block in tsort_each'
	from /home/lorenzo/.rbenv/versions/3.0.4/lib/ruby/3.0.0/tsort.rb:350:in `block (2 levels) in each_strongly_connected_component'
	from /home/lorenzo/.rbenv/versions/3.0.4/lib/ruby/3.0.0/tsort.rb:431:in `each_strongly_connected_component_from'
	from /home/lorenzo/.rbenv/versions/3.0.4/lib/ruby/3.0.0/tsort.rb:349:in `block in each_strongly_connected_component'
	from /home/lorenzo/.rbenv/versions/3.0.4/lib/ruby/3.0.0/tsort.rb:347:in `each'
	from /home/lorenzo/.rbenv/versions/3.0.4/lib/ruby/3.0.0/tsort.rb:347:in `call'
	from /home/lorenzo/.rbenv/versions/3.0.4/lib/ruby/3.0.0/tsort.rb:347:in `each_strongly_connected_component'
	from /home/lorenzo/.rbenv/versions/3.0.4/lib/ruby/3.0.0/tsort.rb:226:in `tsort_each'
	from /home/lorenzo/.rbenv/versions/3.0.4/lib/ruby/3.0.0/tsort.rb:205:in `tsort_each'
	from /home/lorenzo/.rbenv/versions/3.0.4/lib/ruby/gems/3.0.0/gems/railties-6.1.7/lib/rails/initializable.rb:60:in `run_initializers'
	from /home/lorenzo/.rbenv/versions/3.0.4/lib/ruby/gems/3.0.0/gems/railties-6.1.7/lib/rails/application.rb:391:in `initialize!'
	from /home/lorenzo/projects/seller_bot_backend/config/environment.rb:5:in `<main>'
	from /home/lorenzo/.rbenv/versions/3.0.4/lib/ruby/gems/3.0.0/gems/bootsnap-1.13.0/lib/bootsnap/load_path_cache/core_ext/kernel_require.rb:32:in `require'
	from /home/lorenzo/.rbenv/versions/3.0.4/lib/ruby/gems/3.0.0/gems/bootsnap-1.13.0/lib/bootsnap/load_path_cache/core_ext/kernel_require.rb:32:in `require'
	from /home/lorenzo/.rbenv/versions/3.0.4/lib/ruby/gems/3.0.0/gems/zeitwerk-2.6.1/lib/zeitwerk/kernel.rb:35:in `require'
	from /home/lorenzo/.rbenv/versions/3.0.4/lib/ruby/gems/3.0.0/gems/activesupport-6.1.7/lib/active_support/dependencies.rb:332:in `block in require'
	from /home/lorenzo/.rbenv/versions/3.0.4/lib/ruby/gems/3.0.0/gems/activesupport-6.1.7/lib/active_support/dependencies.rb:299:in `load_dependency'
	from /home/lorenzo/.rbenv/versions/3.0.4/lib/ruby/gems/3.0.0/gems/activesupport-6.1.7/lib/active_support/dependencies.rb:332:in `require'
	from /home/lorenzo/.rbenv/versions/3.0.4/lib/ruby/gems/3.0.0/gems/spring-4.1.0/lib/spring/application.rb:107:in `preload'
	from /home/lorenzo/.rbenv/versions/3.0.4/lib/ruby/gems/3.0.0/gems/spring-4.1.0/lib/spring/application.rb:166:in `serve'
	from /home/lorenzo/.rbenv/versions/3.0.4/lib/ruby/gems/3.0.0/gems/spring-4.1.0/lib/spring/application.rb:148:in `block in run'
	from /home/lorenzo/.rbenv/versions/3.0.4/lib/ruby/gems/3.0.0/gems/spring-4.1.0/lib/spring/application.rb:142:in `loop'
	from /home/lorenzo/.rbenv/versions/3.0.4/lib/ruby/gems/3.0.0/gems/spring-4.1.0/lib/spring/application.rb:142:in `run'
	from /home/lorenzo/.rbenv/versions/3.0.4/lib/ruby/gems/3.0.0/gems/spring-4.1.0/lib/spring/application/boot.rb:19:in `<top (required)>'
	from <internal:/home/lorenzo/.rbenv/versions/3.0.4/lib/ruby/3.0.0/rubygems/core_ext/kernel_require.rb>:85:in `require'
	from <internal:/home/lorenzo/.rbenv/versions/3.0.4/lib/ruby/3.0.0/rubygems/core_ext/kernel_require.rb>:85:in `require'
	from -e:1:in `<main>'
/home/lorenzo/.rbenv/versions/3.0.4/lib/ruby/gems/3.0.0/gems/railties-6.1.7/lib/rails/application.rb:603:in `validate_secret_key_base': Missing `secret_key_base` for 'production' environment, set this string with `bin/rails credentials:edit` (ArgumentError)
	from /home/lorenzo/.rbenv/versions/3.0.4/lib/ruby/gems/3.0.0/gems/railties-6.1.7/lib/rails/application.rb:437:in `secret_key_base'
	from /home/lorenzo/.rbenv/versions/3.0.4/lib/ruby/gems/3.0.0/gems/devise-4.8.1/lib/devise/secret_key_finder.rb:24:in `key_exists?'
	from /home/lorenzo/.rbenv/versions/3.0.4/lib/ruby/gems/3.0.0/gems/devise-4.8.1/lib/devise/secret_key_finder.rb:16:in `find'
	from /home/lorenzo/.rbenv/versions/3.0.4/lib/ruby/gems/3.0.0/gems/devise-4.8.1/lib/devise/rails.rb:37:in `block in <class:Engine>'
	from /home/lorenzo/.rbenv/versions/3.0.4/lib/ruby/gems/3.0.0/gems/railties-6.1.7/lib/rails/initializable.rb:32:in `instance_exec'
	from /home/lorenzo/.rbenv/versions/3.0.4/lib/ruby/gems/3.0.0/gems/railties-6.1.7/lib/rails/initializable.rb:32:in `run'
	from /home/lorenzo/.rbenv/versions/3.0.4/lib/ruby/gems/3.0.0/gems/railties-6.1.7/lib/rails/initializable.rb:61:in `block in run_initializers'
	from /home/lorenzo/.rbenv/versions/3.0.4/lib/ruby/3.0.0/tsort.rb:228:in `block in tsort_each'
	from /home/lorenzo/.rbenv/versions/3.0.4/lib/ruby/3.0.0/tsort.rb:350:in `block (2 levels) in each_strongly_connected_component'
	from /home/lorenzo/.rbenv/versions/3.0.4/lib/ruby/3.0.0/tsort.rb:431:in `each_strongly_connected_component_from'
	from /home/lorenzo/.rbenv/versions/3.0.4/lib/ruby/3.0.0/tsort.rb:349:in `block in each_strongly_connected_component'
	from /home/lorenzo/.rbenv/versions/3.0.4/lib/ruby/3.0.0/tsort.rb:347:in `each'
	from /home/lorenzo/.rbenv/versions/3.0.4/lib/ruby/3.0.0/tsort.rb:347:in `call'
	from /home/lorenzo/.rbenv/versions/3.0.4/lib/ruby/3.0.0/tsort.rb:347:in `each_strongly_connected_component'
	from /home/lorenzo/.rbenv/versions/3.0.4/lib/ruby/3.0.0/tsort.rb:226:in `tsort_each'
	from /home/lorenzo/.rbenv/versions/3.0.4/lib/ruby/3.0.0/tsort.rb:205:in `tsort_each'
	from /home/lorenzo/.rbenv/versions/3.0.4/lib/ruby/gems/3.0.0/gems/railties-6.1.7/lib/rails/initializable.rb:60:in `run_initializers'
	from /home/lorenzo/.rbenv/versions/3.0.4/lib/ruby/gems/3.0.0/gems/railties-6.1.7/lib/rails/application.rb:391:in `initialize!'
	from /home/lorenzo/projects/seller_bot_backend/config/environment.rb:5:in `<main>'
	from /home/lorenzo/.rbenv/versions/3.0.4/lib/ruby/gems/3.0.0/gems/bootsnap-1.13.0/lib/bootsnap/load_path_cache/core_ext/kernel_require.rb:32:in `require'
	from /home/lorenzo/.rbenv/versions/3.0.4/lib/ruby/gems/3.0.0/gems/bootsnap-1.13.0/lib/bootsnap/load_path_cache/core_ext/kernel_require.rb:32:in `require'
	from /home/lorenzo/.rbenv/versions/3.0.4/lib/ruby/gems/3.0.0/gems/zeitwerk-2.6.1/lib/zeitwerk/kernel.rb:35:in `require'
	from /home/lorenzo/.rbenv/versions/3.0.4/lib/ruby/gems/3.0.0/gems/activesupport-6.1.7/lib/active_support/dependencies.rb:332:in `block in require'
	from /home/lorenzo/.rbenv/versions/3.0.4/lib/ruby/gems/3.0.0/gems/activesupport-6.1.7/lib/active_support/dependencies.rb:299:in `load_dependency'
	from /home/lorenzo/.rbenv/versions/3.0.4/lib/ruby/gems/3.0.0/gems/activesupport-6.1.7/lib/active_support/dependencies.rb:332:in `require'
	from /home/lorenzo/.rbenv/versions/3.0.4/lib/ruby/gems/3.0.0/gems/spring-4.1.0/lib/spring/application.rb:107:in `preload'
	from /home/lorenzo/.rbenv/versions/3.0.4/lib/ruby/gems/3.0.0/gems/spring-4.1.0/lib/spring/application.rb:166:in `serve'
	from /home/lorenzo/.rbenv/versions/3.0.4/lib/ruby/gems/3.0.0/gems/spring-4.1.0/lib/spring/application.rb:148:in `block in run'
	from /home/lorenzo/.rbenv/versions/3.0.4/lib/ruby/gems/3.0.0/gems/spring-4.1.0/lib/spring/application.rb:142:in `loop'
	from /home/lorenzo/.rbenv/versions/3.0.4/lib/ruby/gems/3.0.0/gems/spring-4.1.0/lib/spring/application.rb:142:in `run'
	from /home/lorenzo/.rbenv/versions/3.0.4/lib/ruby/gems/3.0.0/gems/spring-4.1.0/lib/spring/application/boot.rb:19:in `<top (required)>'
	from <internal:/home/lorenzo/.rbenv/versions/3.0.4/lib/ruby/3.0.0/rubygems/core_ext/kernel_require.rb>:85:in `require'
	from <internal:/home/lorenzo/.rbenv/versions/3.0.4/lib/ruby/3.0.0/rubygems/core_ext/kernel_require.rb>:85:in `require'
	from -e:1:in `<main>'
/home/lorenzo/.rbenv/versions/3.0.4/lib/ruby/gems/3.0.0/gems/railties-6.1.7/lib/rails/application.rb:603:in `validate_secret_key_base': Missing `secret_key_base` for 'production' environment, set this string with `bin/rails credentials:edit` (ArgumentError)
	from /home/lorenzo/.rbenv/versions/3.0.4/lib/ruby/gems/3.0.0/gems/railties-6.1.7/lib/rails/application.rb:437:in `secret_key_base'
	from /home/lorenzo/.rbenv/versions/3.0.4/lib/ruby/gems/3.0.0/gems/devise-4.8.1/lib/devise/secret_key_finder.rb:24:in `key_exists?'
	from /home/lorenzo/.rbenv/versions/3.0.4/lib/ruby/gems/3.0.0/gems/devise-4.8.1/lib/devise/secret_key_finder.rb:16:in `find'
	from /home/lorenzo/.rbenv/versions/3.0.4/lib/ruby/gems/3.0.0/gems/devise-4.8.1/lib/devise/rails.rb:37:in `block in <class:Engine>'
	from /home/lorenzo/.rbenv/versions/3.0.4/lib/ruby/gems/3.0.0/gems/railties-6.1.7/lib/rails/initializable.rb:32:in `instance_exec'
	from /home/lorenzo/.rbenv/versions/3.0.4/lib/ruby/gems/3.0.0/gems/railties-6.1.7/lib/rails/initializable.rb:32:in `run'
	from /home/lorenzo/.rbenv/versions/3.0.4/lib/ruby/gems/3.0.0/gems/railties-6.1.7/lib/rails/initializable.rb:61:in `block in run_initializers'
	from /home/lorenzo/.rbenv/versions/3.0.4/lib/ruby/3.0.0/tsort.rb:228:in `block in tsort_each'
	from /home/lorenzo/.rbenv/versions/3.0.4/lib/ruby/3.0.0/tsort.rb:350:in `block (2 levels) in each_strongly_connected_component'
	from /home/lorenzo/.rbenv/versions/3.0.4/lib/ruby/3.0.0/tsort.rb:431:in `each_strongly_connected_component_from'
	from /home/lorenzo/.rbenv/versions/3.0.4/lib/ruby/3.0.0/tsort.rb:349:in `block in each_strongly_connected_component'
	from /home/lorenzo/.rbenv/versions/3.0.4/lib/ruby/3.0.0/tsort.rb:347:in `each'
	from /home/lorenzo/.rbenv/versions/3.0.4/lib/ruby/3.0.0/tsort.rb:347:in `call'
	from /home/lorenzo/.rbenv/versions/3.0.4/lib/ruby/3.0.0/tsort.rb:347:in `each_strongly_connected_component'
	from /home/lorenzo/.rbenv/versions/3.0.4/lib/ruby/3.0.0/tsort.rb:226:in `tsort_each'
	from /home/lorenzo/.rbenv/versions/3.0.4/lib/ruby/3.0.0/tsort.rb:205:in `tsort_each'
	from /home/lorenzo/.rbenv/versions/3.0.4/lib/ruby/gems/3.0.0/gems/railties-6.1.7/lib/rails/initializable.rb:60:in `run_initializers'
	from /home/lorenzo/.rbenv/versions/3.0.4/lib/ruby/gems/3.0.0/gems/railties-6.1.7/lib/rails/application.rb:391:in `initialize!'
	from /home/lorenzo/projects/seller_bot_backend/config/environment.rb:5:in `<main>'
	from /home/lorenzo/.rbenv/versions/3.0.4/lib/ruby/gems/3.0.0/gems/bootsnap-1.13.0/lib/bootsnap/load_path_cache/core_ext/kernel_require.rb:32:in `require'
	from /home/lorenzo/.rbenv/versions/3.0.4/lib/ruby/gems/3.0.0/gems/bootsnap-1.13.0/lib/bootsnap/load_path_cache/core_ext/kernel_require.rb:32:in `require'
	from /home/lorenzo/.rbenv/versions/3.0.4/lib/ruby/gems/3.0.0/gems/zeitwerk-2.6.1/lib/zeitwerk/kernel.rb:35:in `require'
	from /home/lorenzo/.rbenv/versions/3.0.4/lib/ruby/gems/3.0.0/gems/activesupport-6.1.7/lib/active_support/dependencies.rb:332:in `block in require'
	from /home/lorenzo/.rbenv/versions/3.0.4/lib/ruby/gems/3.0.0/gems/activesupport-6.1.7/lib/active_support/dependencies.rb:299:in `load_dependency'
	from /home/lorenzo/.rbenv/versions/3.0.4/lib/ruby/gems/3.0.0/gems/activesupport-6.1.7/lib/active_support/dependencies.rb:332:in `require'
	from /home/lorenzo/.rbenv/versions/3.0.4/lib/ruby/gems/3.0.0/gems/spring-4.1.0/lib/spring/application.rb:107:in `preload'
	from /home/lorenzo/.rbenv/versions/3.0.4/lib/ruby/gems/3.0.0/gems/spring-4.1.0/lib/spring/application.rb:166:in `serve'
	from /home/lorenzo/.rbenv/versions/3.0.4/lib/ruby/gems/3.0.0/gems/spring-4.1.0/lib/spring/application.rb:148:in `block in run'
	from /home/lorenzo/.rbenv/versions/3.0.4/lib/ruby/gems/3.0.0/gems/spring-4.1.0/lib/spring/application.rb:142:in `loop'
	from /home/lorenzo/.rbenv/versions/3.0.4/lib/ruby/gems/3.0.0/gems/spring-4.1.0/lib/spring/application.rb:142:in `run'
	from /home/lorenzo/.rbenv/versions/3.0.4/lib/ruby/gems/3.0.0/gems/spring-4.1.0/lib/spring/application/boot.rb:19:in `<top (required)>'
	from <internal:/home/lorenzo/.rbenv/versions/3.0.4/lib/ruby/3.0.0/rubygems/core_ext/kernel_require.rb>:85:in `require'
	from <internal:/home/lorenzo/.rbenv/versions/3.0.4/lib/ruby/3.0.0/rubygems/core_ext/kernel_require.rb>:85:in `require'
	from -e:1:in `<main>'
/home/lorenzo/.rbenv/versions/3.0.4/lib/ruby/gems/3.0.0/gems/railties-6.1.7/lib/rails/application.rb:603:in `validate_secret_key_base': Missing `secret_key_base` for 'production' environment, set this string with `bin/rails credentials:edit` (ArgumentError)
	from /home/lorenzo/.rbenv/versions/3.0.4/lib/ruby/gems/3.0.0/gems/railties-6.1.7/lib/rails/application.rb:437:in `secret_key_base'
	from /home/lorenzo/.rbenv/versions/3.0.4/lib/ruby/gems/3.0.0/gems/devise-4.8.1/lib/devise/secret_key_finder.rb:24:in `key_exists?'
	from /home/lorenzo/.rbenv/versions/3.0.4/lib/ruby/gems/3.0.0/gems/devise-4.8.1/lib/devise/secret_key_finder.rb:16:in `find'
	from /home/lorenzo/.rbenv/versions/3.0.4/lib/ruby/gems/3.0.0/gems/devise-4.8.1/lib/devise/rails.rb:37:in `block in <class:Engine>'
	from /home/lorenzo/.rbenv/versions/3.0.4/lib/ruby/gems/3.0.0/gems/railties-6.1.7/lib/rails/initializable.rb:32:in `instance_exec'
	from /home/lorenzo/.rbenv/versions/3.0.4/lib/ruby/gems/3.0.0/gems/railties-6.1.7/lib/rails/initializable.rb:32:in `run'
	from /home/lorenzo/.rbenv/versions/3.0.4/lib/ruby/gems/3.0.0/gems/railties-6.1.7/lib/rails/initializable.rb:61:in `block in run_initializers'
	from /home/lorenzo/.rbenv/versions/3.0.4/lib/ruby/3.0.0/tsort.rb:228:in `block in tsort_each'
	from /home/lorenzo/.rbenv/versions/3.0.4/lib/ruby/3.0.0/tsort.rb:350:in `block (2 levels) in each_strongly_connected_component'
	from /home/lorenzo/.rbenv/versions/3.0.4/lib/ruby/3.0.0/tsort.rb:431:in `each_strongly_connected_component_from'
	from /home/lorenzo/.rbenv/versions/3.0.4/lib/ruby/3.0.0/tsort.rb:349:in `block in each_strongly_connected_component'
	from /home/lorenzo/.rbenv/versions/3.0.4/lib/ruby/3.0.0/tsort.rb:347:in `each'
	from /home/lorenzo/.rbenv/versions/3.0.4/lib/ruby/3.0.0/tsort.rb:347:in `call'
	from /home/lorenzo/.rbenv/versions/3.0.4/lib/ruby/3.0.0/tsort.rb:347:in `each_strongly_connected_component'
	from /home/lorenzo/.rbenv/versions/3.0.4/lib/ruby/3.0.0/tsort.rb:226:in `tsort_each'
	from /home/lorenzo/.rbenv/versions/3.0.4/lib/ruby/3.0.0/tsort.rb:205:in `tsort_each'
	from /home/lorenzo/.rbenv/versions/3.0.4/lib/ruby/gems/3.0.0/gems/railties-6.1.7/lib/rails/initializable.rb:60:in `run_initializers'
	from /home/lorenzo/.rbenv/versions/3.0.4/lib/ruby/gems/3.0.0/gems/railties-6.1.7/lib/rails/application.rb:391:in `initialize!'
	from /home/lorenzo/projects/seller_bot_backend/config/environment.rb:5:in `<main>'
	from /home/lorenzo/.rbenv/versions/3.0.4/lib/ruby/gems/3.0.0/gems/bootsnap-1.13.0/lib/bootsnap/load_path_cache/core_ext/kernel_require.rb:32:in `require'
	from /home/lorenzo/.rbenv/versions/3.0.4/lib/ruby/gems/3.0.0/gems/bootsnap-1.13.0/lib/bootsnap/load_path_cache/core_ext/kernel_require.rb:32:in `require'
	from /home/lorenzo/.rbenv/versions/3.0.4/lib/ruby/gems/3.0.0/gems/zeitwerk-2.6.1/lib/zeitwerk/kernel.rb:35:in `require'
	from /home/lorenzo/.rbenv/versions/3.0.4/lib/ruby/gems/3.0.0/gems/activesupport-6.1.7/lib/active_support/dependencies.rb:332:in `block in require'
	from /home/lorenzo/.rbenv/versions/3.0.4/lib/ruby/gems/3.0.0/gems/activesupport-6.1.7/lib/active_support/dependencies.rb:299:in `load_dependency'
	from /home/lorenzo/.rbenv/versions/3.0.4/lib/ruby/gems/3.0.0/gems/activesupport-6.1.7/lib/active_support/dependencies.rb:332:in `require'
	from /home/lorenzo/.rbenv/versions/3.0.4/lib/ruby/gems/3.0.0/gems/spring-4.1.0/lib/spring/application.rb:107:in `preload'
	from /home/lorenzo/.rbenv/versions/3.0.4/lib/ruby/gems/3.0.0/gems/spring-4.1.0/lib/spring/application.rb:166:in `serve'
	from /home/lorenzo/.rbenv/versions/3.0.4/lib/ruby/gems/3.0.0/gems/spring-4.1.0/lib/spring/application.rb:148:in `block in run'
	from /home/lorenzo/.rbenv/versions/3.0.4/lib/ruby/gems/3.0.0/gems/spring-4.1.0/lib/spring/application.rb:142:in `loop'
	from /home/lorenzo/.rbenv/versions/3.0.4/lib/ruby/gems/3.0.0/gems/spring-4.1.0/lib/spring/application.rb:142:in `run'
	from /home/lorenzo/.rbenv/versions/3.0.4/lib/ruby/gems/3.0.0/gems/spring-4.1.0/lib/spring/application/boot.rb:19:in `<top (required)>'
	from <internal:/home/lorenzo/.rbenv/versions/3.0.4/lib/ruby/3.0.0/rubygems/core_ext/kernel_require.rb>:85:in `require'
	from <internal:/home/lorenzo/.rbenv/versions/3.0.4/lib/ruby/3.0.0/rubygems/core_ext/kernel_require.rb>:85:in `require'
	from -e:1:in `<main>'
/home/lorenzo/.rbenv/versions/3.0.4/lib/ruby/gems/3.0.0/gems/railties-6.1.7/lib/rails/application.rb:603:in `validate_secret_key_base': Missing `secret_key_base` for 'production' environment, set this string with `bin/rails credentials:edit` (ArgumentError)
	from /home/lorenzo/.rbenv/versions/3.0.4/lib/ruby/gems/3.0.0/gems/railties-6.1.7/lib/rails/application.rb:437:in `secret_key_base'
	from /home/lorenzo/.rbenv/versions/3.0.4/lib/ruby/gems/3.0.0/gems/devise-4.8.1/lib/devise/secret_key_finder.rb:24:in `key_exists?'
	from /home/lorenzo/.rbenv/versions/3.0.4/lib/ruby/gems/3.0.0/gems/devise-4.8.1/lib/devise/secret_key_finder.rb:16:in `find'
	from /home/lorenzo/.rbenv/versions/3.0.4/lib/ruby/gems/3.0.0/gems/devise-4.8.1/lib/devise/rails.rb:37:in `block in <class:Engine>'
	from /home/lorenzo/.rbenv/versions/3.0.4/lib/ruby/gems/3.0.0/gems/railties-6.1.7/lib/rails/initializable.rb:32:in `instance_exec'
	from /home/lorenzo/.rbenv/versions/3.0.4/lib/ruby/gems/3.0.0/gems/railties-6.1.7/lib/rails/initializable.rb:32:in `run'
	from /home/lorenzo/.rbenv/versions/3.0.4/lib/ruby/gems/3.0.0/gems/railties-6.1.7/lib/rails/initializable.rb:61:in `block in run_initializers'
	from /home/lorenzo/.rbenv/versions/3.0.4/lib/ruby/3.0.0/tsort.rb:228:in `block in tsort_each'
	from /home/lorenzo/.rbenv/versions/3.0.4/lib/ruby/3.0.0/tsort.rb:350:in `block (2 levels) in each_strongly_connected_component'
	from /home/lorenzo/.rbenv/versions/3.0.4/lib/ruby/3.0.0/tsort.rb:431:in `each_strongly_connected_component_from'
	from /home/lorenzo/.rbenv/versions/3.0.4/lib/ruby/3.0.0/tsort.rb:349:in `block in each_strongly_connected_component'
	from /home/lorenzo/.rbenv/versions/3.0.4/lib/ruby/3.0.0/tsort.rb:347:in `each'
	from /home/lorenzo/.rbenv/versions/3.0.4/lib/ruby/3.0.0/tsort.rb:347:in `call'
	from /home/lorenzo/.rbenv/versions/3.0.4/lib/ruby/3.0.0/tsort.rb:347:in `each_strongly_connected_component'
	from /home/lorenzo/.rbenv/versions/3.0.4/lib/ruby/3.0.0/tsort.rb:226:in `tsort_each'
	from /home/lorenzo/.rbenv/versions/3.0.4/lib/ruby/3.0.0/tsort.rb:205:in `tsort_each'
	from /home/lorenzo/.rbenv/versions/3.0.4/lib/ruby/gems/3.0.0/gems/railties-6.1.7/lib/rails/initializable.rb:60:in `run_initializers'
	from /home/lorenzo/.rbenv/versions/3.0.4/lib/ruby/gems/3.0.0/gems/railties-6.1.7/lib/rails/application.rb:391:in `initialize!'
	from /home/lorenzo/projects/seller_bot_backend/config/environment.rb:5:in `<main>'
	from /home/lorenzo/.rbenv/versions/3.0.4/lib/ruby/gems/3.0.0/gems/bootsnap-1.13.0/lib/bootsnap/load_path_cache/core_ext/kernel_require.rb:32:in `require'
	from /home/lorenzo/.rbenv/versions/3.0.4/lib/ruby/gems/3.0.0/gems/bootsnap-1.13.0/lib/bootsnap/load_path_cache/core_ext/kernel_require.rb:32:in `require'
	from /home/lorenzo/.rbenv/versions/3.0.4/lib/ruby/gems/3.0.0/gems/zeitwerk-2.6.1/lib/zeitwerk/kernel.rb:35:in `require'
	from /home/lorenzo/.rbenv/versions/3.0.4/lib/ruby/gems/3.0.0/gems/activesupport-6.1.7/lib/active_support/dependencies.rb:332:in `block in require'
	from /home/lorenzo/.rbenv/versions/3.0.4/lib/ruby/gems/3.0.0/gems/activesupport-6.1.7/lib/active_support/dependencies.rb:299:in `load_dependency'
	from /home/lorenzo/.rbenv/versions/3.0.4/lib/ruby/gems/3.0.0/gems/activesupport-6.1.7/lib/active_support/dependencies.rb:332:in `require'
	from /home/lorenzo/.rbenv/versions/3.0.4/lib/ruby/gems/3.0.0/gems/spring-4.1.0/lib/spring/application.rb:107:in `preload'
	from /home/lorenzo/.rbenv/versions/3.0.4/lib/ruby/gems/3.0.0/gems/spring-4.1.0/lib/spring/application.rb:166:in `serve'
	from /home/lorenzo/.rbenv/versions/3.0.4/lib/ruby/gems/3.0.0/gems/spring-4.1.0/lib/spring/application.rb:148:in `block in run'
	from /home/lorenzo/.rbenv/versions/3.0.4/lib/ruby/gems/3.0.0/gems/spring-4.1.0/lib/spring/application.rb:142:in `loop'
	from /home/lorenzo/.rbenv/versions/3.0.4/lib/ruby/gems/3.0.0/gems/spring-4.1.0/lib/spring/application.rb:142:in `run'
	from /home/lorenzo/.rbenv/versions/3.0.4/lib/ruby/gems/3.0.0/gems/spring-4.1.0/lib/spring/application/boot.rb:19:in `<top (required)>'
	from <internal:/home/lorenzo/.rbenv/versions/3.0.4/lib/ruby/3.0.0/rubygems/core_ext/kernel_require.rb>:85:in `require'
	from <internal:/home/lorenzo/.rbenv/versions/3.0.4/lib/ruby/3.0.0/rubygems/core_ext/kernel_require.rb>:85:in `require'
	from -e:1:in `<main>'
/home/lorenzo/.rbenv/versions/3.0.4/lib/ruby/gems/3.0.0/gems/railties-6.1.7/lib/rails/application.rb:603:in `validate_secret_key_base': Missing `secret_key_base` for 'production' environment, set this string with `bin/rails credentials:edit` (ArgumentError)
	from /home/lorenzo/.rbenv/versions/3.0.4/lib/ruby/gems/3.0.0/gems/railties-6.1.7/lib/rails/application.rb:437:in `secret_key_base'
	from /home/lorenzo/.rbenv/versions/3.0.4/lib/ruby/gems/3.0.0/gems/devise-4.8.1/lib/devise/secret_key_finder.rb:24:in `key_exists?'
	from /home/lorenzo/.rbenv/versions/3.0.4/lib/ruby/gems/3.0.0/gems/devise-4.8.1/lib/devise/secret_key_finder.rb:16:in `find'
	from /home/lorenzo/.rbenv/versions/3.0.4/lib/ruby/gems/3.0.0/gems/devise-4.8.1/lib/devise/rails.rb:37:in `block in <class:Engine>'
	from /home/lorenzo/.rbenv/versions/3.0.4/lib/ruby/gems/3.0.0/gems/railties-6.1.7/lib/rails/initializable.rb:32:in `instance_exec'
	from /home/lorenzo/.rbenv/versions/3.0.4/lib/ruby/gems/3.0.0/gems/railties-6.1.7/lib/rails/initializable.rb:32:in `run'
	from /home/lorenzo/.rbenv/versions/3.0.4/lib/ruby/gems/3.0.0/gems/railties-6.1.7/lib/rails/initializable.rb:61:in `block in run_initializers'
	from /home/lorenzo/.rbenv/versions/3.0.4/lib/ruby/3.0.0/tsort.rb:228:in `block in tsort_each'
	from /home/lorenzo/.rbenv/versions/3.0.4/lib/ruby/3.0.0/tsort.rb:350:in `block (2 levels) in each_strongly_connected_component'
	from /home/lorenzo/.rbenv/versions/3.0.4/lib/ruby/3.0.0/tsort.rb:431:in `each_strongly_connected_component_from'
	from /home/lorenzo/.rbenv/versions/3.0.4/lib/ruby/3.0.0/tsort.rb:349:in `block in each_strongly_connected_component'
	from /home/lorenzo/.rbenv/versions/3.0.4/lib/ruby/3.0.0/tsort.rb:347:in `each'
	from /home/lorenzo/.rbenv/versions/3.0.4/lib/ruby/3.0.0/tsort.rb:347:in `call'
	from /home/lorenzo/.rbenv/versions/3.0.4/lib/ruby/3.0.0/tsort.rb:347:in `each_strongly_connected_component'
	from /home/lorenzo/.rbenv/versions/3.0.4/lib/ruby/3.0.0/tsort.rb:226:in `tsort_each'
	from /home/lorenzo/.rbenv/versions/3.0.4/lib/ruby/3.0.0/tsort.rb:205:in `tsort_each'
	from /home/lorenzo/.rbenv/versions/3.0.4/lib/ruby/gems/3.0.0/gems/railties-6.1.7/lib/rails/initializable.rb:60:in `run_initializers'
	from /home/lorenzo/.rbenv/versions/3.0.4/lib/ruby/gems/3.0.0/gems/railties-6.1.7/lib/rails/application.rb:391:in `initialize!'
	from /home/lorenzo/projects/seller_bot_backend/config/environment.rb:5:in `<main>'
	from /home/lorenzo/.rbenv/versions/3.0.4/lib/ruby/gems/3.0.0/gems/bootsnap-1.13.0/lib/bootsnap/load_path_cache/core_ext/kernel_require.rb:32:in `require'
	from /home/lorenzo/.rbenv/versions/3.0.4/lib/ruby/gems/3.0.0/gems/bootsnap-1.13.0/lib/bootsnap/load_path_cache/core_ext/kernel_require.rb:32:in `require'
	from /home/lorenzo/.rbenv/versions/3.0.4/lib/ruby/gems/3.0.0/gems/zeitwerk-2.6.1/lib/zeitwerk/kernel.rb:35:in `require'
	from /home/lorenzo/.rbenv/versions/3.0.4/lib/ruby/gems/3.0.0/gems/activesupport-6.1.7/lib/active_support/dependencies.rb:332:in `block in require'
	from /home/lorenzo/.rbenv/versions/3.0.4/lib/ruby/gems/3.0.0/gems/activesupport-6.1.7/lib/active_support/dependencies.rb:299:in `load_dependency'
	from /home/lorenzo/.rbenv/versions/3.0.4/lib/ruby/gems/3.0.0/gems/activesupport-6.1.7/lib/active_support/dependencies.rb:332:in `require'
	from /home/lorenzo/.rbenv/versions/3.0.4/lib/ruby/gems/3.0.0/gems/spring-4.1.0/lib/spring/application.rb:107:in `preload'
	from /home/lorenzo/.rbenv/versions/3.0.4/lib/ruby/gems/3.0.0/gems/spring-4.1.0/lib/spring/application.rb:166:in `serve'
	from /home/lorenzo/.rbenv/versions/3.0.4/lib/ruby/gems/3.0.0/gems/spring-4.1.0/lib/spring/application.rb:148:in `block in run'
	from /home/lorenzo/.rbenv/versions/3.0.4/lib/ruby/gems/3.0.0/gems/spring-4.1.0/lib/spring/application.rb:142:in `loop'
	from /home/lorenzo/.rbenv/versions/3.0.4/lib/ruby/gems/3.0.0/gems/spring-4.1.0/lib/spring/application.rb:142:in `run'
	from /home/lorenzo/.rbenv/versions/3.0.4/lib/ruby/gems/3.0.0/gems/spring-4.1.0/lib/spring/application/boot.rb:19:in `<top (required)>'
	from <internal:/home/lorenzo/.rbenv/versions/3.0.4/lib/ruby/3.0.0/rubygems/core_ext/kernel_require.rb>:85:in `require'
	from <internal:/home/lorenzo/.rbenv/versions/3.0.4/lib/ruby/3.0.0/rubygems/core_ext/kernel_require.rb>:85:in `require'
	from -e:1:in `<main>'
/home/lorenzo/.rbenv/versions/3.0.4/lib/ruby/gems/3.0.0/gems/railties-6.1.7/lib/rails/application.rb:603:in `validate_secret_key_base': Missing `secret_key_base` for 'production' environment, set this string with `bin/rails credentials:edit` (ArgumentError)
	from /home/lorenzo/.rbenv/versions/3.0.4/lib/ruby/gems/3.0.0/gems/railties-6.1.7/lib/rails/application.rb:437:in `secret_key_base'
	from /home/lorenzo/.rbenv/versions/3.0.4/lib/ruby/gems/3.0.0/gems/devise-4.8.1/lib/devise/secret_key_finder.rb:24:in `key_exists?'
	from /home/lorenzo/.rbenv/versions/3.0.4/lib/ruby/gems/3.0.0/gems/devise-4.8.1/lib/devise/secret_key_finder.rb:16:in `find'
	from /home/lorenzo/.rbenv/versions/3.0.4/lib/ruby/gems/3.0.0/gems/devise-4.8.1/lib/devise/rails.rb:37:in `block in <class:Engine>'
	from /home/lorenzo/.rbenv/versions/3.0.4/lib/ruby/gems/3.0.0/gems/railties-6.1.7/lib/rails/initializable.rb:32:in `instance_exec'
	from /home/lorenzo/.rbenv/versions/3.0.4/lib/ruby/gems/3.0.0/gems/railties-6.1.7/lib/rails/initializable.rb:32:in `run'
	from /home/lorenzo/.rbenv/versions/3.0.4/lib/ruby/gems/3.0.0/gems/railties-6.1.7/lib/rails/initializable.rb:61:in `block in run_initializers'
	from /home/lorenzo/.rbenv/versions/3.0.4/lib/ruby/3.0.0/tsort.rb:228:in `block in tsort_each'
	from /home/lorenzo/.rbenv/versions/3.0.4/lib/ruby/3.0.0/tsort.rb:350:in `block (2 levels) in each_strongly_connected_component'
	from /home/lorenzo/.rbenv/versions/3.0.4/lib/ruby/3.0.0/tsort.rb:431:in `each_strongly_connected_component_from'
	from /home/lorenzo/.rbenv/versions/3.0.4/lib/ruby/3.0.0/tsort.rb:349:in `block in each_strongly_connected_component'
	from /home/lorenzo/.rbenv/versions/3.0.4/lib/ruby/3.0.0/tsort.rb:347:in `each'
	from /home/lorenzo/.rbenv/versions/3.0.4/lib/ruby/3.0.0/tsort.rb:347:in `call'
	from /home/lorenzo/.rbenv/versions/3.0.4/lib/ruby/3.0.0/tsort.rb:347:in `each_strongly_connected_component'
	from /home/lorenzo/.rbenv/versions/3.0.4/lib/ruby/3.0.0/tsort.rb:226:in `tsort_each'
	from /home/lorenzo/.rbenv/versions/3.0.4/lib/ruby/3.0.0/tsort.rb:205:in `tsort_each'
	from /home/lorenzo/.rbenv/versions/3.0.4/lib/ruby/gems/3.0.0/gems/railties-6.1.7/lib/rails/initializable.rb:60:in `run_initializers'
	from /home/lorenzo/.rbenv/versions/3.0.4/lib/ruby/gems/3.0.0/gems/railties-6.1.7/lib/rails/application.rb:391:in `initialize!'
	from /home/lorenzo/projects/seller_bot_backend/config/environment.rb:5:in `<main>'
	from /home/lorenzo/.rbenv/versions/3.0.4/lib/ruby/gems/3.0.0/gems/bootsnap-1.13.0/lib/bootsnap/load_path_cache/core_ext/kernel_require.rb:32:in `require'
	from /home/lorenzo/.rbenv/versions/3.0.4/lib/ruby/gems/3.0.0/gems/bootsnap-1.13.0/lib/bootsnap/load_path_cache/core_ext/kernel_require.rb:32:in `require'
	from /home/lorenzo/.rbenv/versions/3.0.4/lib/ruby/gems/3.0.0/gems/zeitwerk-2.6.1/lib/zeitwerk/kernel.rb:35:in `require'
	from /home/lorenzo/.rbenv/versions/3.0.4/lib/ruby/gems/3.0.0/gems/activesupport-6.1.7/lib/active_support/dependencies.rb:332:in `block in require'
	from /home/lorenzo/.rbenv/versions/3.0.4/lib/ruby/gems/3.0.0/gems/activesupport-6.1.7/lib/active_support/dependencies.rb:299:in `load_dependency'
	from /home/lorenzo/.rbenv/versions/3.0.4/lib/ruby/gems/3.0.0/gems/activesupport-6.1.7/lib/active_support/dependencies.rb:332:in `require'
	from /home/lorenzo/.rbenv/versions/3.0.4/lib/ruby/gems/3.0.0/gems/spring-4.1.0/lib/spring/application.rb:107:in `preload'
	from /home/lorenzo/.rbenv/versions/3.0.4/lib/ruby/gems/3.0.0/gems/spring-4.1.0/lib/spring/application.rb:166:in `serve'
	from /home/lorenzo/.rbenv/versions/3.0.4/lib/ruby/gems/3.0.0/gems/spring-4.1.0/lib/spring/application.rb:148:in `block in run'
	from /home/lorenzo/.rbenv/versions/3.0.4/lib/ruby/gems/3.0.0/gems/spring-4.1.0/lib/spring/application.rb:142:in `loop'
	from /home/lorenzo/.rbenv/versions/3.0.4/lib/ruby/gems/3.0.0/gems/spring-4.1.0/lib/spring/application.rb:142:in `run'
	from /home/lorenzo/.rbenv/versions/3.0.4/lib/ruby/gems/3.0.0/gems/spring-4.1.0/lib/spring/application/boot.rb:19:in `<top (required)>'
	from <internal:/home/lorenzo/.rbenv/versions/3.0.4/lib/ruby/3.0.0/rubygems/core_ext/kernel_require.rb>:85:in `require'
	from <internal:/home/lorenzo/.rbenv/versions/3.0.4/lib/ruby/3.0.0/rubygems/core_ext/kernel_require.rb>:85:in `require'
	from -e:1:in `<main>'
/home/lorenzo/.rbenv/versions/3.0.4/lib/ruby/gems/3.0.0/gems/railties-6.1.7/lib/rails/application.rb:603:in `validate_secret_key_base': Missing `secret_key_base` for 'production' environment, set this string with `bin/rails credentials:edit` (ArgumentError)
	from /home/lorenzo/.rbenv/versions/3.0.4/lib/ruby/gems/3.0.0/gems/railties-6.1.7/lib/rails/application.rb:437:in `secret_key_base'
	from /home/lorenzo/.rbenv/versions/3.0.4/lib/ruby/gems/3.0.0/gems/devise-4.8.1/lib/devise/secret_key_finder.rb:24:in `key_exists?'
	from /home/lorenzo/.rbenv/versions/3.0.4/lib/ruby/gems/3.0.0/gems/devise-4.8.1/lib/devise/secret_key_finder.rb:16:in `find'
	from /home/lorenzo/.rbenv/versions/3.0.4/lib/ruby/gems/3.0.0/gems/devise-4.8.1/lib/devise/rails.rb:37:in `block in <class:Engine>'
	from /home/lorenzo/.rbenv/versions/3.0.4/lib/ruby/gems/3.0.0/gems/railties-6.1.7/lib/rails/initializable.rb:32:in `instance_exec'
	from /home/lorenzo/.rbenv/versions/3.0.4/lib/ruby/gems/3.0.0/gems/railties-6.1.7/lib/rails/initializable.rb:32:in `run'
	from /home/lorenzo/.rbenv/versions/3.0.4/lib/ruby/gems/3.0.0/gems/railties-6.1.7/lib/rails/initializable.rb:61:in `block in run_initializers'
	from /home/lorenzo/.rbenv/versions/3.0.4/lib/ruby/3.0.0/tsort.rb:228:in `block in tsort_each'
	from /home/lorenzo/.rbenv/versions/3.0.4/lib/ruby/3.0.0/tsort.rb:350:in `block (2 levels) in each_strongly_connected_component'
	from /home/lorenzo/.rbenv/versions/3.0.4/lib/ruby/3.0.0/tsort.rb:431:in `each_strongly_connected_component_from'
	from /home/lorenzo/.rbenv/versions/3.0.4/lib/ruby/3.0.0/tsort.rb:349:in `block in each_strongly_connected_component'
	from /home/lorenzo/.rbenv/versions/3.0.4/lib/ruby/3.0.0/tsort.rb:347:in `each'
	from /home/lorenzo/.rbenv/versions/3.0.4/lib/ruby/3.0.0/tsort.rb:347:in `call'
	from /home/lorenzo/.rbenv/versions/3.0.4/lib/ruby/3.0.0/tsort.rb:347:in `each_strongly_connected_component'
	from /home/lorenzo/.rbenv/versions/3.0.4/lib/ruby/3.0.0/tsort.rb:226:in `tsort_each'
	from /home/lorenzo/.rbenv/versions/3.0.4/lib/ruby/3.0.0/tsort.rb:205:in `tsort_each'
	from /home/lorenzo/.rbenv/versions/3.0.4/lib/ruby/gems/3.0.0/gems/railties-6.1.7/lib/rails/initializable.rb:60:in `run_initializers'
	from /home/lorenzo/.rbenv/versions/3.0.4/lib/ruby/gems/3.0.0/gems/railties-6.1.7/lib/rails/application.rb:391:in `initialize!'
	from /home/lorenzo/projects/seller_bot_backend/config/environment.rb:5:in `<main>'
	from /home/lorenzo/.rbenv/versions/3.0.4/lib/ruby/gems/3.0.0/gems/bootsnap-1.13.0/lib/bootsnap/load_path_cache/core_ext/kernel_require.rb:32:in `require'
	from /home/lorenzo/.rbenv/versions/3.0.4/lib/ruby/gems/3.0.0/gems/bootsnap-1.13.0/lib/bootsnap/load_path_cache/core_ext/kernel_require.rb:32:in `require'
	from /home/lorenzo/.rbenv/versions/3.0.4/lib/ruby/gems/3.0.0/gems/zeitwerk-2.6.1/lib/zeitwerk/kernel.rb:35:in `require'
	from /home/lorenzo/.rbenv/versions/3.0.4/lib/ruby/gems/3.0.0/gems/activesupport-6.1.7/lib/active_support/dependencies.rb:332:in `block in require'
	from /home/lorenzo/.rbenv/versions/3.0.4/lib/ruby/gems/3.0.0/gems/activesupport-6.1.7/lib/active_support/dependencies.rb:299:in `load_dependency'
	from /home/lorenzo/.rbenv/versions/3.0.4/lib/ruby/gems/3.0.0/gems/activesupport-6.1.7/lib/active_support/dependencies.rb:332:in `require'
	from /home/lorenzo/.rbenv/versions/3.0.4/lib/ruby/gems/3.0.0/gems/spring-4.1.0/lib/spring/application.rb:107:in `preload'
	from /home/lorenzo/.rbenv/versions/3.0.4/lib/ruby/gems/3.0.0/gems/spring-4.1.0/lib/spring/application.rb:166:in `serve'
	from /home/lorenzo/.rbenv/versions/3.0.4/lib/ruby/gems/3.0.0/gems/spring-4.1.0/lib/spring/application.rb:148:in `block in run'
	from /home/lorenzo/.rbenv/versions/3.0.4/lib/ruby/gems/3.0.0/gems/spring-4.1.0/lib/spring/application.rb:142:in `loop'
	from /home/lorenzo/.rbenv/versions/3.0.4/lib/ruby/gems/3.0.0/gems/spring-4.1.0/lib/spring/application.rb:142:in `run'
	from /home/lorenzo/.rbenv/versions/3.0.4/lib/ruby/gems/3.0.0/gems/spring-4.1.0/lib/spring/application/boot.rb:19:in `<top (required)>'
	from <internal:/home/lorenzo/.rbenv/versions/3.0.4/lib/ruby/3.0.0/rubygems/core_ext/kernel_require.rb>:85:in `require'
	from <internal:/home/lorenzo/.rbenv/versions/3.0.4/lib/ruby/3.0.0/rubygems/core_ext/kernel_require.rb>:85:in `require'
	from -e:1:in `<main>'
/home/lorenzo/.rbenv/versions/3.0.4/lib/ruby/gems/3.0.0/gems/spring-4.1.0/lib/spring/application.rb:100:in `block in preload': Spring reloads, and therefore needs the application to have reloading enabled.
Please, set config.cache_classes to false in config/environments/production.rb.
 (RuntimeError)
	from /home/lorenzo/.rbenv/versions/3.0.4/lib/ruby/gems/3.0.0/gems/railties-6.1.7/lib/rails/initializable.rb:32:in `instance_exec'
	from /home/lorenzo/.rbenv/versions/3.0.4/lib/ruby/gems/3.0.0/gems/railties-6.1.7/lib/rails/initializable.rb:32:in `run'
	from /home/lorenzo/.rbenv/versions/3.0.4/lib/ruby/gems/3.0.0/gems/railties-6.1.7/lib/rails/initializable.rb:61:in `block in run_initializers'
	from /home/lorenzo/.rbenv/versions/3.0.4/lib/ruby/3.0.0/tsort.rb:228:in `block in tsort_each'
	from /home/lorenzo/.rbenv/versions/3.0.4/lib/ruby/3.0.0/tsort.rb:350:in `block (2 levels) in each_strongly_connected_component'
	from /home/lorenzo/.rbenv/versions/3.0.4/lib/ruby/3.0.0/tsort.rb:431:in `each_strongly_connected_component_from'
	from /home/lorenzo/.rbenv/versions/3.0.4/lib/ruby/3.0.0/tsort.rb:349:in `block in each_strongly_connected_component'
	from /home/lorenzo/.rbenv/versions/3.0.4/lib/ruby/3.0.0/tsort.rb:347:in `each'
	from /home/lorenzo/.rbenv/versions/3.0.4/lib/ruby/3.0.0/tsort.rb:347:in `call'
	from /home/lorenzo/.rbenv/versions/3.0.4/lib/ruby/3.0.0/tsort.rb:347:in `each_strongly_connected_component'
	from /home/lorenzo/.rbenv/versions/3.0.4/lib/ruby/3.0.0/tsort.rb:226:in `tsort_each'
	from /home/lorenzo/.rbenv/versions/3.0.4/lib/ruby/3.0.0/tsort.rb:205:in `tsort_each'
	from /home/lorenzo/.rbenv/versions/3.0.4/lib/ruby/gems/3.0.0/gems/railties-6.1.7/lib/rails/initializable.rb:60:in `run_initializers'
	from /home/lorenzo/.rbenv/versions/3.0.4/lib/ruby/gems/3.0.0/gems/railties-6.1.7/lib/rails/application.rb:391:in `initialize!'
	from /home/lorenzo/projects/seller_bot_backend/config/environment.rb:5:in `<main>'
	from /home/lorenzo/.rbenv/versions/3.0.4/lib/ruby/gems/3.0.0/gems/bootsnap-1.13.0/lib/bootsnap/load_path_cache/core_ext/kernel_require.rb:32:in `require'
	from /home/lorenzo/.rbenv/versions/3.0.4/lib/ruby/gems/3.0.0/gems/bootsnap-1.13.0/lib/bootsnap/load_path_cache/core_ext/kernel_require.rb:32:in `require'
	from /home/lorenzo/.rbenv/versions/3.0.4/lib/ruby/gems/3.0.0/gems/zeitwerk-2.6.1/lib/zeitwerk/kernel.rb:35:in `require'
	from /home/lorenzo/.rbenv/versions/3.0.4/lib/ruby/gems/3.0.0/gems/activesupport-6.1.7/lib/active_support/dependencies.rb:332:in `block in require'
	from /home/lorenzo/.rbenv/versions/3.0.4/lib/ruby/gems/3.0.0/gems/activesupport-6.1.7/lib/active_support/dependencies.rb:299:in `load_dependency'
	from /home/lorenzo/.rbenv/versions/3.0.4/lib/ruby/gems/3.0.0/gems/activesupport-6.1.7/lib/active_support/dependencies.rb:332:in `require'
	from /home/lorenzo/.rbenv/versions/3.0.4/lib/ruby/gems/3.0.0/gems/spring-4.1.0/lib/spring/application.rb:107:in `preload'
	from /home/lorenzo/.rbenv/versions/3.0.4/lib/ruby/gems/3.0.0/gems/spring-4.1.0/lib/spring/application.rb:166:in `serve'
	from /home/lorenzo/.rbenv/versions/3.0.4/lib/ruby/gems/3.0.0/gems/spring-4.1.0/lib/spring/application.rb:148:in `block in run'
	from /home/lorenzo/.rbenv/versions/3.0.4/lib/ruby/gems/3.0.0/gems/spring-4.1.0/lib/spring/application.rb:142:in `loop'
	from /home/lorenzo/.rbenv/versions/3.0.4/lib/ruby/gems/3.0.0/gems/spring-4.1.0/lib/spring/application.rb:142:in `run'
	from /home/lorenzo/.rbenv/versions/3.0.4/lib/ruby/gems/3.0.0/gems/spring-4.1.0/lib/spring/application/boot.rb:19:in `<top (required)>'
	from <internal:/home/lorenzo/.rbenv/versions/3.0.4/lib/ruby/3.0.0/rubygems/core_ext/kernel_require.rb>:85:in `require'
	from <internal:/home/lorenzo/.rbenv/versions/3.0.4/lib/ruby/3.0.0/rubygems/core_ext/kernel_require.rb>:85:in `require'
	from -e:1:in `<main>'
/home/lorenzo/.rbenv/versions/3.0.4/lib/ruby/gems/3.0.0/gems/spring-4.1.0/lib/spring/application.rb:100:in `block in preload': Spring reloads, and therefore needs the application to have reloading enabled.
Please, set config.cache_classes to false in config/environments/production.rb.
 (RuntimeError)
	from /home/lorenzo/.rbenv/versions/3.0.4/lib/ruby/gems/3.0.0/gems/railties-6.1.7/lib/rails/initializable.rb:32:in `instance_exec'
	from /home/lorenzo/.rbenv/versions/3.0.4/lib/ruby/gems/3.0.0/gems/railties-6.1.7/lib/rails/initializable.rb:32:in `run'
	from /home/lorenzo/.rbenv/versions/3.0.4/lib/ruby/gems/3.0.0/gems/railties-6.1.7/lib/rails/initializable.rb:61:in `block in run_initializers'
	from /home/lorenzo/.rbenv/versions/3.0.4/lib/ruby/3.0.0/tsort.rb:228:in `block in tsort_each'
	from /home/lorenzo/.rbenv/versions/3.0.4/lib/ruby/3.0.0/tsort.rb:350:in `block (2 levels) in each_strongly_connected_component'
	from /home/lorenzo/.rbenv/versions/3.0.4/lib/ruby/3.0.0/tsort.rb:431:in `each_strongly_connected_component_from'
	from /home/lorenzo/.rbenv/versions/3.0.4/lib/ruby/3.0.0/tsort.rb:349:in `block in each_strongly_connected_component'
	from /home/lorenzo/.rbenv/versions/3.0.4/lib/ruby/3.0.0/tsort.rb:347:in `each'
	from /home/lorenzo/.rbenv/versions/3.0.4/lib/ruby/3.0.0/tsort.rb:347:in `call'
	from /home/lorenzo/.rbenv/versions/3.0.4/lib/ruby/3.0.0/tsort.rb:347:in `each_strongly_connected_component'
	from /home/lorenzo/.rbenv/versions/3.0.4/lib/ruby/3.0.0/tsort.rb:226:in `tsort_each'
	from /home/lorenzo/.rbenv/versions/3.0.4/lib/ruby/3.0.0/tsort.rb:205:in `tsort_each'
	from /home/lorenzo/.rbenv/versions/3.0.4/lib/ruby/gems/3.0.0/gems/railties-6.1.7/lib/rails/initializable.rb:60:in `run_initializers'
	from /home/lorenzo/.rbenv/versions/3.0.4/lib/ruby/gems/3.0.0/gems/railties-6.1.7/lib/rails/application.rb:391:in `initialize!'
	from /home/lorenzo/projects/seller_bot_backend/config/environment.rb:5:in `<main>'
	from /home/lorenzo/.rbenv/versions/3.0.4/lib/ruby/gems/3.0.0/gems/bootsnap-1.13.0/lib/bootsnap/load_path_cache/core_ext/kernel_require.rb:32:in `require'
	from /home/lorenzo/.rbenv/versions/3.0.4/lib/ruby/gems/3.0.0/gems/bootsnap-1.13.0/lib/bootsnap/load_path_cache/core_ext/kernel_require.rb:32:in `require'
	from /home/lorenzo/.rbenv/versions/3.0.4/lib/ruby/gems/3.0.0/gems/zeitwerk-2.6.1/lib/zeitwerk/kernel.rb:35:in `require'
	from /home/lorenzo/.rbenv/versions/3.0.4/lib/ruby/gems/3.0.0/gems/activesupport-6.1.7/lib/active_support/dependencies.rb:332:in `block in require'
	from /home/lorenzo/.rbenv/versions/3.0.4/lib/ruby/gems/3.0.0/gems/activesupport-6.1.7/lib/active_support/dependencies.rb:299:in `load_dependency'
	from /home/lorenzo/.rbenv/versions/3.0.4/lib/ruby/gems/3.0.0/gems/activesupport-6.1.7/lib/active_support/dependencies.rb:332:in `require'
	from /home/lorenzo/.rbenv/versions/3.0.4/lib/ruby/gems/3.0.0/gems/spring-4.1.0/lib/spring/application.rb:107:in `preload'
	from /home/lorenzo/.rbenv/versions/3.0.4/lib/ruby/gems/3.0.0/gems/spring-4.1.0/lib/spring/application.rb:166:in `serve'
	from /home/lorenzo/.rbenv/versions/3.0.4/lib/ruby/gems/3.0.0/gems/spring-4.1.0/lib/spring/application.rb:148:in `block in run'
	from /home/lorenzo/.rbenv/versions/3.0.4/lib/ruby/gems/3.0.0/gems/spring-4.1.0/lib/spring/application.rb:142:in `loop'
	from /home/lorenzo/.rbenv/versions/3.0.4/lib/ruby/gems/3.0.0/gems/spring-4.1.0/lib/spring/application.rb:142:in `run'
	from /home/lorenzo/.rbenv/versions/3.0.4/lib/ruby/gems/3.0.0/gems/spring-4.1.0/lib/spring/application/boot.rb:19:in `<top (required)>'
	from <internal:/home/lorenzo/.rbenv/versions/3.0.4/lib/ruby/3.0.0/rubygems/core_ext/kernel_require.rb>:85:in `require'
	from <internal:/home/lorenzo/.rbenv/versions/3.0.4/lib/ruby/3.0.0/rubygems/core_ext/kernel_require.rb>:85:in `require'
	from -e:1:in `<main>'
/home/lorenzo/.rbenv/versions/3.0.4/lib/ruby/gems/3.0.0/gems/spring-4.1.0/lib/spring/application.rb:100:in `block in preload': Spring reloads, and therefore needs the application to have reloading enabled.
Please, set config.cache_classes to false in config/environments/production.rb.
 (RuntimeError)
	from /home/lorenzo/.rbenv/versions/3.0.4/lib/ruby/gems/3.0.0/gems/railties-6.1.7/lib/rails/initializable.rb:32:in `instance_exec'
	from /home/lorenzo/.rbenv/versions/3.0.4/lib/ruby/gems/3.0.0/gems/railties-6.1.7/lib/rails/initializable.rb:32:in `run'
	from /home/lorenzo/.rbenv/versions/3.0.4/lib/ruby/gems/3.0.0/gems/railties-6.1.7/lib/rails/initializable.rb:61:in `block in run_initializers'
	from /home/lorenzo/.rbenv/versions/3.0.4/lib/ruby/3.0.0/tsort.rb:228:in `block in tsort_each'
	from /home/lorenzo/.rbenv/versions/3.0.4/lib/ruby/3.0.0/tsort.rb:350:in `block (2 levels) in each_strongly_connected_component'
	from /home/lorenzo/.rbenv/versions/3.0.4/lib/ruby/3.0.0/tsort.rb:431:in `each_strongly_connected_component_from'
	from /home/lorenzo/.rbenv/versions/3.0.4/lib/ruby/3.0.0/tsort.rb:349:in `block in each_strongly_connected_component'
	from /home/lorenzo/.rbenv/versions/3.0.4/lib/ruby/3.0.0/tsort.rb:347:in `each'
	from /home/lorenzo/.rbenv/versions/3.0.4/lib/ruby/3.0.0/tsort.rb:347:in `call'
	from /home/lorenzo/.rbenv/versions/3.0.4/lib/ruby/3.0.0/tsort.rb:347:in `each_strongly_connected_component'
	from /home/lorenzo/.rbenv/versions/3.0.4/lib/ruby/3.0.0/tsort.rb:226:in `tsort_each'
	from /home/lorenzo/.rbenv/versions/3.0.4/lib/ruby/3.0.0/tsort.rb:205:in `tsort_each'
	from /home/lorenzo/.rbenv/versions/3.0.4/lib/ruby/gems/3.0.0/gems/railties-6.1.7/lib/rails/initializable.rb:60:in `run_initializers'
	from /home/lorenzo/.rbenv/versions/3.0.4/lib/ruby/gems/3.0.0/gems/railties-6.1.7/lib/rails/application.rb:391:in `initialize!'
	from /home/lorenzo/projects/seller_bot_backend/config/environment.rb:5:in `<main>'
	from /home/lorenzo/.rbenv/versions/3.0.4/lib/ruby/gems/3.0.0/gems/bootsnap-1.13.0/lib/bootsnap/load_path_cache/core_ext/kernel_require.rb:32:in `require'
	from /home/lorenzo/.rbenv/versions/3.0.4/lib/ruby/gems/3.0.0/gems/bootsnap-1.13.0/lib/bootsnap/load_path_cache/core_ext/kernel_require.rb:32:in `require'
	from /home/lorenzo/.rbenv/versions/3.0.4/lib/ruby/gems/3.0.0/gems/zeitwerk-2.6.1/lib/zeitwerk/kernel.rb:35:in `require'
	from /home/lorenzo/.rbenv/versions/3.0.4/lib/ruby/gems/3.0.0/gems/activesupport-6.1.7/lib/active_support/dependencies.rb:332:in `block in require'
	from /home/lorenzo/.rbenv/versions/3.0.4/lib/ruby/gems/3.0.0/gems/activesupport-6.1.7/lib/active_support/dependencies.rb:299:in `load_dependency'
	from /home/lorenzo/.rbenv/versions/3.0.4/lib/ruby/gems/3.0.0/gems/activesupport-6.1.7/lib/active_support/dependencies.rb:332:in `require'
	from /home/lorenzo/.rbenv/versions/3.0.4/lib/ruby/gems/3.0.0/gems/spring-4.1.0/lib/spring/application.rb:107:in `preload'
	from /home/lorenzo/.rbenv/versions/3.0.4/lib/ruby/gems/3.0.0/gems/spring-4.1.0/lib/spring/application.rb:166:in `serve'
	from /home/lorenzo/.rbenv/versions/3.0.4/lib/ruby/gems/3.0.0/gems/spring-4.1.0/lib/spring/application.rb:148:in `block in run'
	from /home/lorenzo/.rbenv/versions/3.0.4/lib/ruby/gems/3.0.0/gems/spring-4.1.0/lib/spring/application.rb:142:in `loop'
	from /home/lorenzo/.rbenv/versions/3.0.4/lib/ruby/gems/3.0.0/gems/spring-4.1.0/lib/spring/application.rb:142:in `run'
	from /home/lorenzo/.rbenv/versions/3.0.4/lib/ruby/gems/3.0.0/gems/spring-4.1.0/lib/spring/application/boot.rb:19:in `<top (required)>'
	from <internal:/home/lorenzo/.rbenv/versions/3.0.4/lib/ruby/3.0.0/rubygems/core_ext/kernel_require.rb>:85:in `require'
	from <internal:/home/lorenzo/.rbenv/versions/3.0.4/lib/ruby/3.0.0/rubygems/core_ext/kernel_require.rb>:85:in `require'
	from -e:1:in `<main>'
Hello, world
Running via Spring preloader in process 19581
WARNING: Spring is running in production. To fix this make sure the spring gem is only present in `development` and `test` groups in your Gemfile and make sure you always use `bundle install --without development test` in production
Hello, world
Running via Spring preloader in process 20107
WARNING: Spring is running in production. To fix this make sure the spring gem is only present in `development` and `test` groups in your Gemfile and make sure you always use `bundle install --without development test` in production
Hello, world
Running via Spring preloader in process 20538
WARNING: Spring is running in production. To fix this make sure the spring gem is only present in `development` and `test` groups in your Gemfile and make sure you always use `bundle install --without development test` in production
Hello, world
Running via Spring preloader in process 20711
WARNING: Spring is running in production. To fix this make sure the spring gem is only present in `development` and `test` groups in your Gemfile and make sure you always use `bundle install --without development test` in production
Hello, world
Running via Spring preloader in process 20910
WARNING: Spring is running in production. To fix this make sure the spring gem is only present in `development` and `test` groups in your Gemfile and make sure you always use `bundle install --without development test` in production
Hello, world
Running via Spring preloader in process 21101
WARNING: Spring is running in production. To fix this make sure the spring gem is only present in `development` and `test` groups in your Gemfile and make sure you always use `bundle install --without development test` in production
Hello, world
Running via Spring preloader in process 21266
WARNING: Spring is running in production. To fix this make sure the spring gem is only present in `development` and `test` groups in your Gemfile and make sure you always use `bundle install --without development test` in production
Hello, world
Running via Spring preloader in process 21441
WARNING: Spring is running in production. To fix this make sure the spring gem is only present in `development` and `test` groups in your Gemfile and make sure you always use `bundle install --without development test` in production
Hello, world
Running via Spring preloader in process 21652
WARNING: Spring is running in production. To fix this make sure the spring gem is only present in `development` and `test` groups in your Gemfile and make sure you always use `bundle install --without development test` in production
/home/lorenzo/.rbenv/versions/3.0.4/lib/ruby/gems/3.0.0/gems/spring-4.1.0/lib/spring/application.rb:100:in `block in preload': Spring reloads, and therefore needs the application to have reloading enabled.
Please, set config.cache_classes to false in config/environments/production.rb.
 (RuntimeError)
	from /home/lorenzo/.rbenv/versions/3.0.4/lib/ruby/gems/3.0.0/gems/railties-6.1.7/lib/rails/initializable.rb:32:in `instance_exec'
	from /home/lorenzo/.rbenv/versions/3.0.4/lib/ruby/gems/3.0.0/gems/railties-6.1.7/lib/rails/initializable.rb:32:in `run'
	from /home/lorenzo/.rbenv/versions/3.0.4/lib/ruby/gems/3.0.0/gems/railties-6.1.7/lib/rails/initializable.rb:61:in `block in run_initializers'
	from /home/lorenzo/.rbenv/versions/3.0.4/lib/ruby/3.0.0/tsort.rb:228:in `block in tsort_each'
	from /home/lorenzo/.rbenv/versions/3.0.4/lib/ruby/3.0.0/tsort.rb:350:in `block (2 levels) in each_strongly_connected_component'
	from /home/lorenzo/.rbenv/versions/3.0.4/lib/ruby/3.0.0/tsort.rb:431:in `each_strongly_connected_component_from'
	from /home/lorenzo/.rbenv/versions/3.0.4/lib/ruby/3.0.0/tsort.rb:349:in `block in each_strongly_connected_component'
	from /home/lorenzo/.rbenv/versions/3.0.4/lib/ruby/3.0.0/tsort.rb:347:in `each'
	from /home/lorenzo/.rbenv/versions/3.0.4/lib/ruby/3.0.0/tsort.rb:347:in `call'
	from /home/lorenzo/.rbenv/versions/3.0.4/lib/ruby/3.0.0/tsort.rb:347:in `each_strongly_connected_component'
	from /home/lorenzo/.rbenv/versions/3.0.4/lib/ruby/3.0.0/tsort.rb:226:in `tsort_each'
	from /home/lorenzo/.rbenv/versions/3.0.4/lib/ruby/3.0.0/tsort.rb:205:in `tsort_each'
	from /home/lorenzo/.rbenv/versions/3.0.4/lib/ruby/gems/3.0.0/gems/railties-6.1.7/lib/rails/initializable.rb:60:in `run_initializers'
	from /home/lorenzo/.rbenv/versions/3.0.4/lib/ruby/gems/3.0.0/gems/railties-6.1.7/lib/rails/application.rb:391:in `initialize!'
	from /home/lorenzo/projects/seller_bot_backend/config/environment.rb:5:in `<main>'
	from /home/lorenzo/.rbenv/versions/3.0.4/lib/ruby/gems/3.0.0/gems/bootsnap-1.13.0/lib/bootsnap/load_path_cache/core_ext/kernel_require.rb:32:in `require'
	from /home/lorenzo/.rbenv/versions/3.0.4/lib/ruby/gems/3.0.0/gems/bootsnap-1.13.0/lib/bootsnap/load_path_cache/core_ext/kernel_require.rb:32:in `require'
	from /home/lorenzo/.rbenv/versions/3.0.4/lib/ruby/gems/3.0.0/gems/zeitwerk-2.6.1/lib/zeitwerk/kernel.rb:35:in `require'
	from /home/lorenzo/.rbenv/versions/3.0.4/lib/ruby/gems/3.0.0/gems/activesupport-6.1.7/lib/active_support/dependencies.rb:332:in `block in require'
	from /home/lorenzo/.rbenv/versions/3.0.4/lib/ruby/gems/3.0.0/gems/activesupport-6.1.7/lib/active_support/dependencies.rb:299:in `load_dependency'
	from /home/lorenzo/.rbenv/versions/3.0.4/lib/ruby/gems/3.0.0/gems/activesupport-6.1.7/lib/active_support/dependencies.rb:332:in `require'
	from /home/lorenzo/.rbenv/versions/3.0.4/lib/ruby/gems/3.0.0/gems/spring-4.1.0/lib/spring/application.rb:107:in `preload'
	from /home/lorenzo/.rbenv/versions/3.0.4/lib/ruby/gems/3.0.0/gems/spring-4.1.0/lib/spring/application.rb:166:in `serve'
	from /home/lorenzo/.rbenv/versions/3.0.4/lib/ruby/gems/3.0.0/gems/spring-4.1.0/lib/spring/application.rb:148:in `block in run'
	from /home/lorenzo/.rbenv/versions/3.0.4/lib/ruby/gems/3.0.0/gems/spring-4.1.0/lib/spring/application.rb:142:in `loop'
	from /home/lorenzo/.rbenv/versions/3.0.4/lib/ruby/gems/3.0.0/gems/spring-4.1.0/lib/spring/application.rb:142:in `run'
	from /home/lorenzo/.rbenv/versions/3.0.4/lib/ruby/gems/3.0.0/gems/spring-4.1.0/lib/spring/application/boot.rb:19:in `<top (required)>'
	from <internal:/home/lorenzo/.rbenv/versions/3.0.4/lib/ruby/3.0.0/rubygems/core_ext/kernel_require.rb>:85:in `require'
	from <internal:/home/lorenzo/.rbenv/versions/3.0.4/lib/ruby/3.0.0/rubygems/core_ext/kernel_require.rb>:85:in `require'
	from -e:1:in `<main>'
Hello, world
Hello, world
Hello, world
Hello, world
Hello, world
Hello, world
Hello, world
Hello, world
Hello, world
Hello, world
Hello, world
Hello, world
Hello, world
Hello, world
Hello, world
Hello, world
Hello, world
Hello, world
Hello, world
Hello, world
Hello, world
Hello, world
Hello, world
Hello, world
Hello, world
Hello, world
Hello, world
Hello, world
Hello, world
Hello, world
Hello, world
Hello, world
Hello, world
Hello, world
Hello, world
Hello, world
Hello, world
Hello, world
Hello, world
Hello, world
Hello, world
Hello, world
Hello, world
Hello, world
Hello, world
Hello, world
Hello, world
Hello, world
Hello, world
Hello, world
Hello, world
Hello, world
Hello, world
Hello, world
Hello, world
Hello, world
Hello, world
Hello, world
Hello, world
Hello, world
Hello, world
Hello, world
Hello, world
Hello, world
Hello, world
Hello, world
Hello, world
Hello, world
Hello, world
Hello, world
Hello, world
Hello, world
Hello, world
Type application/netcdf is already registered as a variant of application/netcdf.
Hello, world
Hello, world
Hello, world
Hello, world
Hello, world
Hello, world
Type application/netcdf is already registered as a variant of application/netcdf.
Hello, world
Hello, world
Hello, world
Hello, world
Hello, world
Hello, world
Hello, world
Hello, world
Hello, world
Hello, world
Hello, world
Hello, world
Hello, world
Hello, world
Hello, world
Hello, world
Hello, world
Hello, world
Hello, world
Hello, world
Hello, world
